<?xml version="1.0" encoding="UTF-8"?>
<coverage generated="1773642836410" clover="3.2.0">
  <project timestamp="1773642836410" name="All files">
    <metrics statements="883" coveredstatements="831" conditionals="661" coveredconditionals="547" methods="261" coveredmethods="231" elements="1805" coveredelements="1609" complexity="0" loc="883" ncloc="883" packages="8" files="34" classes="34"/>
    <package name="components">
      <metrics statements="261" coveredstatements="245" conditionals="173" coveredconditionals="145" methods="95" coveredmethods="82"/>
      <file name="AppShell.tsx" path="/home/liske/.openclaw/workspace/meal-swiper/components/AppShell.tsx">
        <metrics statements="15" coveredstatements="15" conditionals="14" coveredconditionals="14" methods="7" coveredmethods="7"/>
        <line num="12" count="1" type="stmt"/>
        <line num="21" count="12" type="cond" truecount="2" falsecount="0"/>
        <line num="22" count="11" type="cond" truecount="2" falsecount="0"/>
        <line num="23" count="10" type="cond" truecount="2" falsecount="0"/>
        <line num="24" count="9" type="cond" truecount="2" falsecount="0"/>
        <line num="25" count="8" type="stmt"/>
        <line num="29" count="12" type="stmt"/>
        <line num="30" count="12" type="stmt"/>
        <line num="31" count="12" type="stmt"/>
        <line num="33" count="12" type="stmt"/>
        <line num="34" count="12" type="stmt"/>
        <line num="36" count="12" type="stmt"/>
        <line num="50" count="1" type="stmt"/>
        <line num="61" count="1" type="stmt"/>
        <line num="98" count="12" type="stmt"/>
      </file>
      <file name="CalendarView.tsx" path="/home/liske/.openclaw/workspace/meal-swiper/components/CalendarView.tsx">
        <metrics statements="6" coveredstatements="5" conditionals="0" coveredconditionals="0" methods="3" coveredmethods="2"/>
        <line num="26" count="4" type="stmt"/>
        <line num="27" count="4" type="stmt"/>
        <line num="28" count="4" type="stmt"/>
        <line num="30" count="4" type="stmt"/>
        <line num="34" count="20" type="stmt"/>
        <line num="50" count="0" type="stmt"/>
      </file>
      <file name="CongratulationsToast.tsx" path="/home/liske/.openclaw/workspace/meal-swiper/components/CongratulationsToast.tsx">
        <metrics statements="25" coveredstatements="23" conditionals="8" coveredconditionals="7" methods="9" coveredmethods="6"/>
        <line num="8" count="7" type="stmt"/>
        <line num="9" count="7" type="stmt"/>
        <line num="10" count="7" type="stmt"/>
        <line num="11" count="7" type="stmt"/>
        <line num="12" count="7" type="stmt"/>
        <line num="14" count="7" type="stmt"/>
        <line num="15" count="4" type="cond" truecount="2" falsecount="0"/>
        <line num="16" count="3" type="stmt"/>
        <line num="17" count="3" type="cond" truecount="2" falsecount="0"/>
        <line num="18" count="2" type="stmt"/>
        <line num="21" count="2" type="stmt"/>
        <line num="22" count="2" type="stmt"/>
        <line num="23" count="2" type="stmt"/>
        <line num="26" count="2" type="stmt"/>
        <line num="27" count="0" type="stmt"/>
        <line num="28" count="0" type="stmt"/>
        <line num="31" count="2" type="stmt"/>
        <line num="33" count="2" type="stmt"/>
        <line num="34" count="2" type="stmt"/>
        <line num="38" count="7" type="stmt"/>
        <line num="39" count="1" type="stmt"/>
        <line num="40" count="1" type="stmt"/>
        <line num="41" count="1" type="stmt"/>
        <line num="44" count="7" type="cond" truecount="2" falsecount="0"/>
        <line num="46" count="3" type="stmt"/>
      </file>
      <file name="MealModal.tsx" path="/home/liske/.openclaw/workspace/meal-swiper/components/MealModal.tsx">
        <metrics statements="48" coveredstatements="47" conditionals="50" coveredconditionals="43" methods="22" coveredmethods="20"/>
        <line num="16" count="45" type="stmt"/>
        <line num="17" count="45" type="cond" truecount="1" falsecount="1"/>
        <line num="18" count="45" type="cond" truecount="1" falsecount="1"/>
        <line num="20" count="0" type="stmt"/>
        <line num="25" count="31" type="stmt"/>
        <line num="26" count="31" type="stmt"/>
        <line num="27" count="31" type="stmt"/>
        <line num="28" count="31" type="stmt"/>
        <line num="30" count="31" type="stmt"/>
        <line num="31" count="24" type="cond" truecount="2" falsecount="0"/>
        <line num="32" count="14" type="stmt"/>
        <line num="33" count="14" type="stmt"/>
        <line num="34" count="14" type="stmt"/>
        <line num="35" count="14" type="stmt"/>
        <line num="36" count="14" type="stmt"/>
        <line num="39" count="10" type="stmt"/>
        <line num="40" count="10" type="stmt"/>
        <line num="41" count="10" type="stmt"/>
        <line num="45" count="31" type="stmt"/>
        <line num="46" count="3" type="stmt"/>
        <line num="47" count="3" type="stmt"/>
        <line num="50" count="31" type="stmt"/>
        <line num="51" count="30" type="cond" truecount="2" falsecount="0"/>
        <line num="52" count="14" type="stmt"/>
        <line num="53" count="1" type="cond" truecount="1" falsecount="1"/>
        <line num="55" count="14" type="stmt"/>
        <line num="56" count="14" type="stmt"/>
        <line num="59" count="31" type="cond" truecount="2" falsecount="0"/>
        <line num="61" count="15" type="stmt"/>
        <line num="62" count="15" type="stmt"/>
        <line num="63" count="15" type="stmt"/>
        <line num="64" count="15" type="stmt"/>
        <line num="66" count="30" type="stmt"/>
        <line num="67" count="15" type="stmt"/>
        <line num="68" count="15" type="cond" truecount="1" falsecount="1"/>
        <line num="70" count="31" type="stmt"/>
        <line num="71" count="31" type="stmt"/>
        <line num="73" count="31" type="stmt"/>
        <line num="85" count="2" type="stmt"/>
        <line num="134" count="30" type="stmt"/>
        <line num="137" count="30" type="stmt"/>
        <line num="155" count="30" type="stmt"/>
        <line num="158" count="30" type="stmt"/>
        <line num="186" count="30" type="stmt"/>
        <line num="209" count="1" type="stmt"/>
        <line num="223" count="1" type="stmt"/>
        <line num="251" count="30" type="stmt"/>
        <line num="260" count="88" type="cond" truecount="2" falsecount="0"/>
      </file>
      <file name="Navigation.tsx" path="/home/liske/.openclaw/workspace/meal-swiper/components/Navigation.tsx">
        <metrics statements="7" coveredstatements="7" conditionals="18" coveredconditionals="15" methods="3" coveredmethods="3"/>
        <line num="10" count="1" type="stmt"/>
        <line num="17" count="1" type="stmt"/>
        <line num="25" count="5" type="stmt"/>
        <line num="30" count="20" type="stmt"/>
        <line num="31" count="20" type="stmt"/>
        <line num="63" count="20" type="stmt"/>
        <line num="64" count="20" type="stmt"/>
      </file>
      <file name="ShoppingListView.tsx" path="/home/liske/.openclaw/workspace/meal-swiper/components/ShoppingListView.tsx">
        <metrics statements="50" coveredstatements="44" conditionals="26" coveredconditionals="22" methods="20" coveredmethods="17"/>
        <line num="16" count="21" type="stmt"/>
        <line num="17" count="21" type="stmt"/>
        <line num="19" count="21" type="stmt"/>
        <line num="20" count="9" type="cond" truecount="1" falsecount="1"/>
        <line num="23" count="21" type="stmt"/>
        <line num="24" count="9" type="stmt"/>
        <line num="28" count="21" type="stmt"/>
        <line num="29" count="3" type="stmt"/>
        <line num="36" count="21" type="stmt"/>
        <line num="38" count="9" type="stmt"/>
        <line num="41" count="21" type="stmt"/>
        <line num="42" count="9" type="stmt"/>
        <line num="43" count="9" type="stmt"/>
        <line num="44" count="9" type="stmt"/>
        <line num="46" count="9" type="cond" truecount="3" falsecount="1"/>
        <line num="47" count="0" type="stmt"/>
        <line num="48" count="0" type="stmt"/>
        <line num="52" count="9" type="stmt"/>
        <line num="53" count="9" type="stmt"/>
        <line num="57" count="21" type="stmt"/>
        <line num="58" count="1" type="stmt"/>
        <line num="59" count="1" type="stmt"/>
        <line num="60" count="1" type="stmt"/>
        <line num="61" count="1" type="stmt"/>
        <line num="64" count="21" type="stmt"/>
        <line num="65" count="0" type="cond" truecount="0" falsecount="2"/>
        <line num="66" count="0" type="stmt"/>
        <line num="67" count="0" type="stmt"/>
        <line num="68" count="0" type="stmt"/>
        <line num="72" count="21" type="stmt"/>
        <line num="73" count="21" type="stmt"/>
        <line num="74" count="38" type="stmt"/>
        <line num="75" count="21" type="cond" truecount="2" falsecount="0"/>
        <line num="77" count="21" type="stmt"/>
        <line num="78" count="2" type="stmt"/>
        <line num="79" count="2" type="stmt"/>
        <line num="80" count="4" type="stmt"/>
        <line num="82" count="2" type="stmt"/>
        <line num="83" count="2" type="stmt"/>
        <line num="84" count="2" type="stmt"/>
        <line num="87" count="21" type="stmt"/>
        <line num="88" count="1" type="stmt"/>
        <line num="89" count="1" type="stmt"/>
        <line num="90" count="2" type="stmt"/>
        <line num="92" count="1" type="stmt"/>
        <line num="93" count="1" type="stmt"/>
        <line num="96" count="21" type="stmt"/>
        <line num="153" count="38" type="cond" truecount="2" falsecount="0"/>
        <line num="155" count="38" type="stmt"/>
        <line num="166" count="1" type="stmt"/>
      </file>
      <file name="SwipeView.tsx" path="/home/liske/.openclaw/workspace/meal-swiper/components/SwipeView.tsx">
        <metrics statements="110" coveredstatements="104" conditionals="57" coveredconditionals="44" methods="31" coveredmethods="27"/>
        <line num="35" count="3" type="stmt"/>
        <line num="55" count="52" type="stmt"/>
        <line num="57" count="52" type="stmt"/>
        <line num="58" count="52" type="stmt"/>
        <line num="59" count="26" type="cond" truecount="2" falsecount="0"/>
        <line num="63" count="52" type="stmt"/>
        <line num="64" count="52" type="stmt"/>
        <line num="66" count="52" type="stmt"/>
        <line num="67" count="52" type="stmt"/>
        <line num="68" count="52" type="stmt"/>
        <line num="69" count="52" type="stmt"/>
        <line num="70" count="1300" type="stmt"/>
        <line num="79" count="52" type="stmt"/>
        <line num="80" count="52" type="stmt"/>
        <line num="81" count="52" type="stmt"/>
        <line num="82" count="52" type="stmt"/>
        <line num="84" count="52" type="stmt"/>
        <line num="85" count="52" type="stmt"/>
        <line num="86" count="52" type="stmt"/>
        <line num="87" count="52" type="stmt"/>
        <line num="89" count="52" type="stmt"/>
        <line num="90" count="52" type="cond" truecount="2" falsecount="0"/>
        <line num="91" count="52" type="stmt"/>
        <line num="93" count="52" type="stmt"/>
        <line num="94" count="130" type="stmt"/>
        <line num="98" count="52" type="stmt"/>
        <line num="99" count="4" type="stmt"/>
        <line num="100" count="4" type="stmt"/>
        <line num="101" count="5" type="stmt"/>
        <line num="102" count="5" type="stmt"/>
        <line num="104" count="4" type="stmt"/>
        <line num="107" count="52" type="stmt"/>
        <line num="108" count="10" type="cond" truecount="2" falsecount="0"/>
        <line num="109" count="5" type="cond" truecount="2" falsecount="0"/>
        <line num="110" count="3" type="stmt"/>
        <line num="111" count="3" type="stmt"/>
        <line num="112" count="3" type="stmt"/>
        <line num="114" count="2" type="stmt"/>
        <line num="115" count="2" type="stmt"/>
        <line num="116" count="2" type="cond" truecount="1" falsecount="1"/>
        <line num="117" count="2" type="stmt"/>
        <line num="118" count="2" type="stmt"/>
        <line num="119" count="7" type="cond" truecount="2" falsecount="0"/>
        <line num="121" count="7" type="cond" truecount="1" falsecount="1"/>
        <line num="122" count="2" type="stmt"/>
        <line num="123" count="2" type="stmt"/>
        <line num="128" count="2" type="stmt"/>
        <line num="129" count="2" type="stmt"/>
        <line num="130" count="2" type="stmt"/>
        <line num="133" count="5" type="stmt"/>
        <line num="134" count="5" type="stmt"/>
        <line num="136" count="10" type="stmt"/>
        <line num="152" count="52" type="stmt"/>
        <line num="154" count="10" type="stmt"/>
        <line num="155" count="10" type="stmt"/>
        <line num="160" count="52" type="stmt"/>
        <line num="161" count="8" type="cond" truecount="3" falsecount="1"/>
        <line num="162" count="8" type="stmt"/>
        <line num="163" count="8" type="stmt"/>
        <line num="164" count="8" type="cond" truecount="1" falsecount="1"/>
        <line num="165" count="8" type="stmt"/>
        <line num="166" count="8" type="stmt"/>
        <line num="167" count="8" type="stmt"/>
        <line num="168" count="8" type="stmt"/>
        <line num="169" count="8" type="stmt"/>
        <line num="170" count="8" type="stmt"/>
        <line num="174" count="52" type="stmt"/>
        <line num="175" count="2" type="cond" truecount="3" falsecount="1"/>
        <line num="176" count="2" type="stmt"/>
        <line num="177" count="2" type="stmt"/>
        <line num="178" count="2" type="stmt"/>
        <line num="181" count="52" type="stmt"/>
        <line num="183" count="0" type="cond" truecount="0" falsecount="2"/>
        <line num="184" count="0" type="stmt"/>
        <line num="185" count="0" type="cond" truecount="0" falsecount="2"/>
        <line num="186" count="0" type="cond" truecount="0" falsecount="2"/>
        <line num="187" count="0" type="stmt"/>
        <line num="189" count="0" type="stmt"/>
        <line num="195" count="52" type="stmt"/>
        <line num="196" count="52" type="stmt"/>
        <line num="197" count="2" type="stmt"/>
        <line num="199" count="52" type="stmt"/>
        <line num="201" count="2" type="cond" truecount="3" falsecount="1"/>
        <line num="202" count="2" type="stmt"/>
        <line num="208" count="52" type="stmt"/>
        <line num="209" count="2" type="cond" truecount="2" falsecount="0"/>
        <line num="210" count="1" type="stmt"/>
        <line num="213" count="52" type="stmt"/>
        <line num="214" count="52" type="stmt"/>
        <line num="215" count="3" type="cond" truecount="1" falsecount="1"/>
        <line num="216" count="3" type="cond" truecount="2" falsecount="0"/>
        <line num="217" count="3" type="cond" truecount="2" falsecount="0"/>
        <line num="219" count="52" type="stmt"/>
        <line num="220" count="52" type="stmt"/>
        <line num="223" count="52" type="stmt"/>
        <line num="224" count="1" type="stmt"/>
        <line num="225" count="1" type="stmt"/>
        <line num="226" count="1" type="stmt"/>
        <line num="227" count="1" type="stmt"/>
        <line num="228" count="1" type="stmt"/>
        <line num="231" count="52" type="cond" truecount="2" falsecount="0"/>
        <line num="232" count="3" type="stmt"/>
        <line num="237" count="150" type="stmt"/>
        <line num="272" count="49" type="cond" truecount="2" falsecount="0"/>
        <line num="273" count="2" type="stmt"/>
        <line num="279" count="1" type="stmt"/>
        <line num="292" count="47" type="stmt"/>
        <line num="294" count="47" type="stmt"/>
        <line num="317" count="1" type="stmt"/>
        <line num="350" count="1" type="stmt"/>
      </file>
    </package>
    <package name="components.cooking">
      <metrics statements="27" coveredstatements="26" conditionals="55" coveredconditionals="50" methods="17" coveredmethods="14"/>
      <file name="CookingProgressBar.tsx" path="/home/liske/.openclaw/workspace/meal-swiper/components/cooking/CookingProgressBar.tsx">
        <metrics statements="3" coveredstatements="3" conditionals="8" coveredconditionals="8" methods="1" coveredmethods="1"/>
        <line num="9" count="21" type="cond" truecount="2" falsecount="0"/>
        <line num="10" count="21" type="stmt"/>
        <line num="12" count="21" type="stmt"/>
      </file>
      <file name="CookingView.tsx" path="/home/liske/.openclaw/workspace/meal-swiper/components/cooking/CookingView.tsx">
        <metrics statements="19" coveredstatements="18" conditionals="34" coveredconditionals="29" methods="12" coveredmethods="9"/>
        <line num="17" count="14" type="stmt"/>
        <line num="18" count="14" type="stmt"/>
        <line num="20" count="14" type="stmt"/>
        <line num="21" count="28" type="stmt"/>
        <line num="22" count="14" type="stmt"/>
        <line num="23" count="14" type="stmt"/>
        <line num="25" count="14" type="stmt"/>
        <line num="26" count="14" type="stmt"/>
        <line num="27" count="1" type="stmt"/>
        <line num="29" count="14" type="stmt"/>
        <line num="65" count="28" type="stmt"/>
        <line num="66" count="28" type="cond" truecount="2" falsecount="0"/>
        <line num="67" count="28" type="stmt"/>
        <line num="75" count="1" type="stmt"/>
        <line num="124" count="13" type="stmt"/>
        <line num="125" count="13" type="cond" truecount="2" falsecount="0"/>
        <line num="126" count="13" type="stmt"/>
        <line num="134" count="0" type="stmt"/>
        <line num="183" count="39" type="stmt"/>
      </file>
      <file name="RecipeSteps.tsx" path="/home/liske/.openclaw/workspace/meal-swiper/components/cooking/RecipeSteps.tsx">
        <metrics statements="5" coveredstatements="5" conditionals="13" coveredconditionals="13" methods="4" coveredmethods="4"/>
        <line num="13" count="22" type="stmt"/>
        <line num="16" count="50" type="cond" truecount="2" falsecount="0"/>
        <line num="17" count="50" type="stmt"/>
        <line num="20" count="2" type="stmt"/>
        <line num="38" count="106" type="cond" truecount="2" falsecount="0"/>
      </file>
    </package>
    <package name="components.plan">
      <metrics statements="36" coveredstatements="31" conditionals="27" coveredconditionals="26" methods="13" coveredmethods="11"/>
      <file name="DayCard.tsx" path="/home/liske/.openclaw/workspace/meal-swiper/components/plan/DayCard.tsx">
        <metrics statements="36" coveredstatements="31" conditionals="27" coveredconditionals="26" methods="13" coveredmethods="11"/>
        <line num="31" count="51" type="stmt"/>
        <line num="33" count="51" type="stmt"/>
        <line num="34" count="5" type="stmt"/>
        <line num="35" count="5" type="stmt"/>
        <line num="42" count="5" type="cond" truecount="2" falsecount="0"/>
        <line num="43" count="1" type="cond" truecount="1" falsecount="1"/>
        <line num="44" count="4" type="cond" truecount="2" falsecount="0"/>
        <line num="45" count="2" type="cond" truecount="2" falsecount="0"/>
        <line num="46" count="1" type="stmt"/>
        <line num="48" count="2" type="cond" truecount="2" falsecount="0"/>
        <line num="52" count="51" type="cond" truecount="2" falsecount="0"/>
        <line num="53" count="8" type="stmt"/>
        <line num="75" count="2" type="stmt"/>
        <line num="76" count="2" type="stmt"/>
        <line num="86" count="1" type="stmt"/>
        <line num="87" count="1" type="stmt"/>
        <line num="101" count="43" type="cond" truecount="2" falsecount="0"/>
        <line num="102" count="13" type="stmt"/>
        <line num="110" count="1" type="stmt"/>
        <line num="133" count="3" type="stmt"/>
        <line num="142" count="1" type="stmt"/>
        <line num="143" count="1" type="stmt"/>
        <line num="152" count="1" type="stmt"/>
        <line num="153" count="1" type="stmt"/>
        <line num="162" count="0" type="stmt"/>
        <line num="163" count="0" type="stmt"/>
        <line num="177" count="30" type="stmt"/>
        <line num="180" count="1" type="stmt"/>
        <line num="203" count="2" type="stmt"/>
        <line num="204" count="2" type="stmt"/>
        <line num="214" count="0" type="stmt"/>
        <line num="215" count="0" type="stmt"/>
        <line num="216" count="0" type="stmt"/>
        <line num="225" count="1" type="stmt"/>
        <line num="226" count="1" type="stmt"/>
        <line num="227" count="1" type="stmt"/>
      </file>
    </package>
    <package name="components.swipe">
      <metrics statements="24" coveredstatements="22" conditionals="16" coveredconditionals="15" methods="11" coveredmethods="9"/>
      <file name="CategoryFilter.tsx" path="/home/liske/.openclaw/workspace/meal-swiper/components/swipe/CategoryFilter.tsx">
        <metrics statements="9" coveredstatements="9" conditionals="4" coveredconditionals="4" methods="5" coveredmethods="5"/>
        <line num="10" count="1" type="stmt"/>
        <line num="21" count="1" type="stmt"/>
        <line num="37" count="9" type="stmt"/>
        <line num="42" count="72" type="stmt"/>
        <line num="43" count="72" type="stmt"/>
        <line num="46" count="1" type="stmt"/>
        <line num="63" count="63" type="stmt"/>
        <line num="64" count="63" type="stmt"/>
        <line num="67" count="1" type="stmt"/>
      </file>
      <file name="SwipeActions.tsx" path="/home/liske/.openclaw/workspace/meal-swiper/components/swipe/SwipeActions.tsx">
        <metrics statements="1" coveredstatements="1" conditionals="2" coveredconditionals="2" methods="1" coveredmethods="1"/>
        <line num="18" count="47" type="stmt"/>
      </file>
      <file name="SwipeCard.tsx" path="/home/liske/.openclaw/workspace/meal-swiper/components/swipe/SwipeCard.tsx">
        <metrics statements="2" coveredstatements="1" conditionals="2" coveredconditionals="2" methods="2" coveredmethods="1"/>
        <line num="33" count="55" type="stmt"/>
        <line num="55" count="0" type="stmt"/>
      </file>
      <file name="SwipeStack.tsx" path="/home/liske/.openclaw/workspace/meal-swiper/components/swipe/SwipeStack.tsx">
        <metrics statements="12" coveredstatements="11" conditionals="8" coveredconditionals="7" methods="3" coveredmethods="2"/>
        <line num="34" count="47" type="stmt"/>
        <line num="43" count="100" type="stmt"/>
        <line num="44" count="100" type="stmt"/>
        <line num="45" count="100" type="stmt"/>
        <line num="48" count="100" type="cond" truecount="1" falsecount="1"/>
        <line num="50" count="100" type="cond" truecount="2" falsecount="0"/>
        <line num="51" count="47" type="stmt"/>
        <line num="70" count="53" type="stmt"/>
        <line num="71" count="53" type="stmt"/>
        <line num="72" count="53" type="cond" truecount="2" falsecount="0"/>
        <line num="74" count="100" type="stmt"/>
        <line num="93" count="0" type="stmt"/>
      </file>
    </package>
    <package name="components.ui">
      <metrics statements="12" coveredstatements="11" conditionals="22" coveredconditionals="20" methods="6" coveredmethods="5"/>
      <file name="AmountBadge.tsx" path="/home/liske/.openclaw/workspace/meal-swiper/components/ui/AmountBadge.tsx">
        <metrics statements="1" coveredstatements="1" conditionals="1" coveredconditionals="1" methods="1" coveredmethods="1"/>
        <line num="9" count="61" type="stmt"/>
      </file>
      <file name="DaySelector.tsx" path="/home/liske/.openclaw/workspace/meal-swiper/components/ui/DaySelector.tsx">
        <metrics statements="10" coveredstatements="9" conditionals="21" coveredconditionals="19" methods="4" coveredmethods="3"/>
        <line num="21" count="58" type="stmt"/>
        <line num="23" count="58" type="stmt"/>
        <line num="26" count="290" type="stmt"/>
        <line num="27" count="290" type="stmt"/>
        <line num="28" count="290" type="stmt"/>
        <line num="29" count="290" type="stmt"/>
        <line num="30" count="290" type="cond" truecount="1" falsecount="1"/>
        <line num="32" count="290" type="stmt"/>
        <line num="35" count="3" type="cond" truecount="2" falsecount="0"/>
        <line num="54" count="0" type="stmt"/>
      </file>
      <file name="LoadingSpinner.tsx" path="/home/liske/.openclaw/workspace/meal-swiper/components/ui/LoadingSpinner.tsx">
        <metrics statements="1" coveredstatements="1" conditionals="0" coveredconditionals="0" methods="1" coveredmethods="1"/>
        <line num="4" count="3" type="stmt"/>
      </file>
    </package>
    <package name="hooks">
      <metrics statements="110" coveredstatements="107" conditionals="28" coveredconditionals="22" methods="39" coveredmethods="36"/>
      <file name="useMeals.ts" path="/home/liske/.openclaw/workspace/meal-swiper/hooks/useMeals.ts">
        <metrics statements="18" coveredstatements="18" conditionals="6" coveredconditionals="4" methods="3" coveredmethods="3"/>
        <line num="7" count="9" type="stmt"/>
        <line num="8" count="9" type="stmt"/>
        <line num="9" count="9" type="stmt"/>
        <line num="11" count="9" type="stmt"/>
        <line num="12" count="5" type="stmt"/>
        <line num="13" count="5" type="stmt"/>
        <line num="14" count="5" type="stmt"/>
        <line num="15" count="5" type="stmt"/>
        <line num="16" count="3" type="cond" truecount="2" falsecount="0"/>
        <line num="17" count="2" type="stmt"/>
        <line num="18" count="2" type="cond" truecount="1" falsecount="1"/>
        <line num="20" count="2" type="stmt"/>
        <line num="21" count="2" type="cond" truecount="1" falsecount="1"/>
        <line num="22" count="2" type="stmt"/>
        <line num="24" count="4" type="stmt"/>
        <line num="28" count="9" type="stmt"/>
        <line num="29" count="5" type="stmt"/>
        <line num="32" count="9" type="stmt"/>
      </file>
      <file name="useSettings.ts" path="/home/liske/.openclaw/workspace/meal-swiper/hooks/useSettings.ts">
        <metrics statements="43" coveredstatements="40" conditionals="14" coveredconditionals="11" methods="13" coveredmethods="12"/>
        <line num="7" count="1" type="stmt"/>
        <line num="8" count="1" type="stmt"/>
        <line num="10" count="1" type="stmt"/>
        <line num="20" count="26" type="stmt"/>
        <line num="21" count="26" type="stmt"/>
        <line num="22" count="26" type="stmt"/>
        <line num="25" count="26" type="stmt"/>
        <line num="26" count="11" type="stmt"/>
        <line num="30" count="11" type="stmt"/>
        <line num="31" count="11" type="stmt"/>
        <line num="32" count="11" type="cond" truecount="2" falsecount="0"/>
        <line num="33" count="2" type="stmt"/>
        <line num="34" count="2" type="cond" truecount="2" falsecount="0"/>
        <line num="41" count="11" type="stmt"/>
        <line num="42" count="11" type="stmt"/>
        <line num="43" count="11" type="cond" truecount="2" falsecount="0"/>
        <line num="44" count="1" type="stmt"/>
        <line num="45" count="1" type="cond" truecount="3" falsecount="1"/>
        <line num="46" count="1" type="stmt"/>
        <line num="47" count="1" type="stmt"/>
        <line num="49" count="1" type="stmt"/>
        <line num="50" count="1" type="stmt"/>
        <line num="57" count="11" type="cond" truecount="1" falsecount="1"/>
        <line num="61" count="11" type="stmt"/>
        <line num="62" count="11" type="stmt"/>
        <line num="63" count="11" type="stmt"/>
        <line num="68" count="26" type="stmt"/>
        <line num="69" count="3" type="stmt"/>
        <line num="72" count="3" type="stmt"/>
        <line num="73" count="3" type="stmt"/>
        <line num="79" count="3" type="cond" truecount="1" falsecount="1"/>
        <line num="80" count="3" type="stmt"/>
        <line num="81" count="0" type="stmt"/>
        <line num="82" count="0" type="stmt"/>
        <line num="88" count="0" type="stmt"/>
        <line num="93" count="26" type="stmt"/>
        <line num="94" count="31" type="stmt"/>
        <line num="97" count="26" type="stmt"/>
        <line num="98" count="16" type="stmt"/>
        <line num="100" count="31" type="stmt"/>
        <line num="103" count="26" type="stmt"/>
        <line num="104" count="16" type="stmt"/>
        <line num="107" count="26" type="stmt"/>
      </file>
      <file name="useSwipeState.ts" path="/home/liske/.openclaw/workspace/meal-swiper/hooks/useSwipeState.ts">
        <metrics statements="18" coveredstatements="18" conditionals="0" coveredconditionals="0" methods="6" coveredmethods="6"/>
        <line num="7" count="1" type="stmt"/>
        <line num="8" count="1" type="stmt"/>
        <line num="9" count="2" type="stmt"/>
        <line num="10" count="2" type="stmt"/>
        <line num="12" count="1" type="stmt"/>
        <line num="16" count="15" type="stmt"/>
        <line num="17" count="15" type="stmt"/>
        <line num="18" count="15" type="stmt"/>
        <line num="20" count="15" type="stmt"/>
        <line num="21" count="1" type="stmt"/>
        <line num="22" count="1" type="stmt"/>
        <line num="23" count="1" type="stmt"/>
        <line num="26" count="15" type="stmt"/>
        <line num="27" count="2" type="stmt"/>
        <line num="30" count="15" type="stmt"/>
        <line num="31" count="1" type="stmt"/>
        <line num="32" count="1" type="stmt"/>
        <line num="35" count="15" type="stmt"/>
      </file>
      <file name="useWeekDates.ts" path="/home/liske/.openclaw/workspace/meal-swiper/hooks/useWeekDates.ts">
        <metrics statements="3" coveredstatements="3" conditionals="0" coveredconditionals="0" methods="4" coveredmethods="4"/>
        <line num="7" count="6" type="stmt"/>
        <line num="8" count="6" type="stmt"/>
        <line num="10" count="6" type="stmt"/>
      </file>
      <file name="useWeeklyPlan.ts" path="/home/liske/.openclaw/workspace/meal-swiper/hooks/useWeeklyPlan.ts">
        <metrics statements="28" coveredstatements="28" conditionals="8" coveredconditionals="7" methods="13" coveredmethods="11"/>
        <line num="9" count="10" type="stmt"/>
        <line num="17" count="35" type="stmt"/>
        <line num="18" count="35" type="stmt"/>
        <line num="20" count="35" type="stmt"/>
        <line num="21" count="11" type="cond" truecount="1" falsecount="1"/>
        <line num="25" count="35" type="stmt"/>
        <line num="27" count="12" type="stmt"/>
        <line num="29" count="12" type="stmt"/>
        <line num="32" count="12" type="stmt"/>
        <line num="33" count="12" type="cond" truecount="2" falsecount="0"/>
        <line num="35" count="12" type="cond" truecount="2" falsecount="0"/>
        <line num="36" count="1" type="stmt"/>
        <line num="37" count="1" type="stmt"/>
        <line num="43" count="35" type="stmt"/>
        <line num="45" count="10" type="stmt"/>
        <line num="46" count="10" type="stmt"/>
        <line num="47" count="10" type="stmt"/>
        <line num="52" count="35" type="stmt"/>
        <line num="55" count="4" type="stmt"/>
        <line num="56" count="4" type="stmt"/>
        <line num="61" count="35" type="stmt"/>
        <line num="62" count="1" type="stmt"/>
        <line num="66" count="35" type="stmt"/>
        <line num="68" count="5" type="stmt"/>
        <line num="69" count="5" type="stmt"/>
        <line num="70" count="5" type="cond" truecount="2" falsecount="0"/>
        <line num="71" count="5" type="stmt"/>
        <line num="76" count="35" type="stmt"/>
      </file>
    </package>
    <package name="lib">
      <metrics statements="400" coveredstatements="376" conditionals="336" coveredconditionals="265" methods="78" coveredmethods="72"/>
      <file name="amounts.ts" path="/home/liske/.openclaw/workspace/meal-swiper/lib/amounts.ts">
        <metrics statements="49" coveredstatements="44" conditionals="43" coveredconditionals="32" methods="3" coveredmethods="3"/>
        <line num="10" count="9" type="stmt"/>
        <line num="53" count="202" type="stmt"/>
        <line num="61" count="202" type="stmt"/>
        <line num="64" count="202" type="cond" truecount="2" falsecount="0"/>
        <line num="65" count="36" type="stmt"/>
        <line num="66" count="36" type="stmt"/>
        <line num="67" count="36" type="stmt"/>
        <line num="68" count="36" type="stmt"/>
        <line num="70" count="36" type="stmt"/>
        <line num="79" count="36" type="cond" truecount="1" falsecount="1"/>
        <line num="80" count="0" type="stmt"/>
        <line num="82" count="36" type="stmt"/>
        <line num="85" count="36" type="cond" truecount="1" falsecount="1"/>
        <line num="87" count="36" type="stmt"/>
        <line num="88" count="36" type="cond" truecount="1" falsecount="1"/>
        <line num="90" count="36" type="stmt"/>
        <line num="100" count="166" type="stmt"/>
        <line num="101" count="166" type="cond" truecount="1" falsecount="1"/>
        <line num="102" count="0" type="stmt"/>
        <line num="103" count="0" type="stmt"/>
        <line num="104" count="0" type="cond" truecount="0" falsecount="2"/>
        <line num="105" count="0" type="stmt"/>
        <line num="108" count="166" type="stmt"/>
        <line num="109" count="166" type="cond" truecount="2" falsecount="0"/>
        <line num="111" count="160" type="stmt"/>
        <line num="112" count="160" type="stmt"/>
        <line num="115" count="160" type="stmt"/>
        <line num="123" count="160" type="cond" truecount="2" falsecount="0"/>
        <line num="124" count="2" type="stmt"/>
        <line num="126" count="158" type="stmt"/>
        <line num="129" count="160" type="cond" truecount="1" falsecount="1"/>
        <line num="132" count="160" type="cond" truecount="1" falsecount="1"/>
        <line num="134" count="202" type="stmt"/>
        <line num="139" count="172" type="stmt"/>
        <line num="146" count="172" type="stmt"/>
        <line num="147" count="172" type="stmt"/>
        <line num="148" count="850" type="cond" truecount="2" falsecount="0"/>
        <line num="150" count="167" type="cond" truecount="2" falsecount="0"/>
        <line num="152" count="11" type="stmt"/>
        <line num="162" count="155" type="cond" truecount="4" falsecount="0"/>
        <line num="163" count="6" type="stmt"/>
        <line num="164" count="6" type="stmt"/>
        <line num="165" count="149" type="cond" truecount="4" falsecount="0"/>
        <line num="166" count="1" type="stmt"/>
        <line num="167" count="1" type="stmt"/>
        <line num="169" count="148" type="cond" truecount="1" falsecount="1"/>
        <line num="173" count="155" type="cond" truecount="4" falsecount="0"/>
        <line num="174" count="17" type="stmt"/>
        <line num="177" count="155" type="stmt"/>
      </file>
      <file name="auth.ts" path="/home/liske/.openclaw/workspace/meal-swiper/lib/auth.ts">
        <metrics statements="10" coveredstatements="0" conditionals="14" coveredconditionals="0" methods="3" coveredmethods="0"/>
        <line num="7" count="0" type="stmt"/>
        <line num="20" count="0" type="cond" truecount="0" falsecount="2"/>
        <line num="21" count="0" type="stmt"/>
        <line num="23" count="0" type="stmt"/>
        <line num="37" count="0" type="cond" truecount="0" falsecount="2"/>
        <line num="39" count="0" type="cond" truecount="0" falsecount="2"/>
        <line num="42" count="0" type="cond" truecount="0" falsecount="2"/>
        <line num="44" count="0" type="stmt"/>
        <line num="45" count="0" type="stmt"/>
        <line num="50" count="0" type="cond" truecount="0" falsecount="2"/>
      </file>
      <file name="context.tsx" path="/home/liske/.openclaw/workspace/meal-swiper/lib/context.tsx">
        <metrics statements="51" coveredstatements="50" conditionals="40" coveredconditionals="33" methods="15" coveredmethods="14"/>
        <line num="44" count="2" type="stmt"/>
        <line num="47" count="21" type="stmt"/>
        <line num="48" count="21" type="stmt"/>
        <line num="50" count="21" type="stmt"/>
        <line num="52" count="21" type="stmt"/>
        <line num="53" count="14" type="stmt"/>
        <line num="54" count="14" type="stmt"/>
        <line num="56" count="14" type="cond" truecount="2" falsecount="0"/>
        <line num="57" count="12" type="stmt"/>
        <line num="58" count="12" type="stmt"/>
        <line num="59" count="12" type="cond" truecount="1" falsecount="1"/>
        <line num="60" count="0" type="stmt"/>
        <line num="62" count="12" type="stmt"/>
        <line num="66" count="12" type="stmt"/>
        <line num="68" count="12" type="stmt"/>
        <line num="69" count="12" type="stmt"/>
        <line num="70" count="12" type="stmt"/>
        <line num="72" count="2" type="cond" truecount="2" falsecount="0"/>
        <line num="73" count="1" type="stmt"/>
        <line num="75" count="1" type="stmt"/>
        <line num="88" count="21" type="stmt"/>
        <line num="90" count="21" type="stmt"/>
        <line num="91" count="21" type="cond" truecount="2" falsecount="0"/>
        <line num="95" count="21" type="stmt"/>
        <line num="96" count="21" type="stmt"/>
        <line num="101" count="21" type="stmt"/>
        <line num="102" count="20" type="cond" truecount="2" falsecount="0"/>
        <line num="104" count="6" type="cond" truecount="2" falsecount="0"/>
        <line num="105" count="20" type="cond" truecount="2" falsecount="0"/>
        <line num="107" count="20" type="cond" truecount="4" falsecount="0"/>
        <line num="109" count="15" type="stmt"/>
        <line num="110" count="3" type="stmt"/>
        <line num="111" count="3" type="stmt"/>
        <line num="112" count="3" type="stmt"/>
        <line num="113" count="3" type="cond" truecount="2" falsecount="0"/>
        <line num="115" count="3" type="stmt"/>
        <line num="120" count="21" type="stmt"/>
        <line num="122" count="1" type="cond" truecount="2" falsecount="0"/>
        <line num="124" count="1" type="cond" truecount="2" falsecount="2"/>
        <line num="126" count="1" type="cond" truecount="1" falsecount="1"/>
        <line num="127" count="1" type="cond" truecount="1" falsecount="1"/>
        <line num="130" count="1" type="cond" truecount="1" falsecount="1"/>
        <line num="131" count="1" type="stmt"/>
        <line num="133" count="1" type="cond" truecount="1" falsecount="1"/>
        <line num="134" count="2" type="cond" truecount="2" falsecount="0"/>
        <line num="135" count="1" type="cond" truecount="2" falsecount="0"/>
        <line num="137" count="1" type="stmt"/>
        <line num="143" count="21" type="stmt"/>
        <line num="176" count="14" type="stmt"/>
        <line num="177" count="14" type="cond" truecount="2" falsecount="0"/>
        <line num="178" count="11" type="stmt"/>
      </file>
      <file name="db.ts" path="/home/liske/.openclaw/workspace/meal-swiper/lib/db.ts">
        <metrics statements="11" coveredstatements="8" conditionals="34" coveredconditionals="27" methods="8" coveredmethods="6"/>
        <line num="37" count="3" type="stmt"/>
        <line num="56" count="3" type="stmt"/>
        <line num="78" count="2" type="stmt"/>
        <line num="82" count="2" type="cond" truecount="2" falsecount="0"/>
        <line num="90" count="1" type="stmt"/>
        <line num="100" count="0" type="stmt"/>
        <line num="104" count="0" type="cond" truecount="0" falsecount="2"/>
        <line num="108" count="0" type="stmt"/>
        <line num="118" count="1" type="stmt"/>
        <line num="122" count="1" type="cond" truecount="1" falsecount="1"/>
        <line num="130" count="1" type="stmt"/>
      </file>
      <file name="meal-placeholder.ts" path="/home/liske/.openclaw/workspace/meal-swiper/lib/meal-placeholder.ts">
        <metrics statements="17" coveredstatements="17" conditionals="12" coveredconditionals="12" methods="3" coveredmethods="3"/>
        <line num="12" count="1" type="stmt"/>
        <line num="21" count="1" type="stmt"/>
        <line num="34" count="21" type="stmt"/>
        <line num="36" count="169" type="cond" truecount="2" falsecount="0"/>
        <line num="43" count="1" type="stmt"/>
        <line num="116" count="25" type="cond" truecount="4" falsecount="0"/>
        <line num="117" count="4" type="stmt"/>
        <line num="120" count="21" type="stmt"/>
        <line num="121" count="21" type="stmt"/>
        <line num="124" count="21" type="cond" truecount="2" falsecount="0"/>
        <line num="125" count="13" type="stmt"/>
        <line num="129" count="8" type="cond" truecount="2" falsecount="0"/>
        <line num="130" count="3" type="stmt"/>
        <line num="134" count="5" type="stmt"/>
        <line num="135" count="38" type="cond" truecount="2" falsecount="0"/>
        <line num="136" count="3" type="stmt"/>
        <line num="140" count="2" type="stmt"/>
      </file>
      <file name="recipe.ts" path="/home/liske/.openclaw/workspace/meal-swiper/lib/recipe.ts">
        <metrics statements="95" coveredstatements="93" conditionals="62" coveredconditionals="44" methods="16" coveredmethods="16"/>
        <line num="12" count="217" type="stmt"/>
        <line num="13" count="217" type="stmt"/>
        <line num="37" count="217" type="stmt"/>
        <line num="38" count="4396" type="cond" truecount="4" falsecount="0"/>
        <line num="39" count="63" type="stmt"/>
        <line num="42" count="154" type="stmt"/>
        <line num="47" count="217" type="stmt"/>
        <line num="48" count="218" type="cond" truecount="2" falsecount="0"/>
        <line num="49" count="217" type="stmt"/>
        <line num="53" count="67" type="cond" truecount="1" falsecount="1"/>
        <line num="54" count="67" type="stmt"/>
        <line num="61" count="5" type="stmt"/>
        <line num="64" count="86" type="stmt"/>
        <line num="72" count="86" type="stmt"/>
        <line num="73" count="86" type="stmt"/>
        <line num="76" count="86" type="stmt"/>
        <line num="78" count="86" type="stmt"/>
        <line num="79" count="4" type="stmt"/>
        <line num="80" count="4" type="stmt"/>
        <line num="82" count="4" type="stmt"/>
        <line num="83" count="4" type="stmt"/>
        <line num="85" count="4" type="stmt"/>
        <line num="86" count="4" type="cond" truecount="1" falsecount="1"/>
        <line num="87" count="4" type="stmt"/>
        <line num="88" count="4" type="stmt"/>
        <line num="89" count="4" type="cond" truecount="1" falsecount="1"/>
        <line num="91" count="4" type="stmt"/>
        <line num="92" count="4" type="stmt"/>
        <line num="93" count="4" type="stmt"/>
        <line num="94" count="4" type="stmt"/>
        <line num="96" count="4" type="stmt"/>
        <line num="97" count="4" type="stmt"/>
        <line num="98" count="3" type="stmt"/>
        <line num="99" count="3" type="cond" truecount="1" falsecount="1"/>
        <line num="100" count="3" type="stmt"/>
        <line num="101" count="3" type="cond" truecount="1" falsecount="1"/>
        <line num="102" count="3" type="stmt"/>
        <line num="103" count="3" type="stmt"/>
        <line num="106" count="3" type="stmt"/>
        <line num="110" count="4" type="cond" truecount="2" falsecount="0"/>
        <line num="112" count="3" type="stmt"/>
        <line num="113" count="3" type="stmt"/>
        <line num="127" count="86" type="stmt"/>
        <line num="128" count="216" type="cond" truecount="1" falsecount="1"/>
        <line num="129" count="216" type="cond" truecount="2" falsecount="0"/>
        <line num="131" count="213" type="stmt"/>
        <line num="132" count="213" type="stmt"/>
        <line num="133" count="213" type="cond" truecount="2" falsecount="0"/>
        <line num="135" count="212" type="stmt"/>
        <line num="136" count="212" type="stmt"/>
        <line num="138" count="212" type="stmt"/>
        <line num="139" count="64" type="cond" truecount="1" falsecount="1"/>
        <line num="141" count="64" type="stmt"/>
        <line num="142" count="64" type="cond" truecount="2" falsecount="0"/>
        <line num="145" count="64" type="cond" truecount="2" falsecount="0"/>
        <line num="146" count="64" type="cond" truecount="1" falsecount="1"/>
        <line num="148" count="64" type="stmt"/>
        <line num="159" count="64" type="stmt"/>
        <line num="161" count="0" type="stmt"/>
        <line num="166" count="86" type="cond" truecount="1" falsecount="1"/>
        <line num="168" count="86" type="stmt"/>
        <line num="169" count="86" type="stmt"/>
        <line num="171" count="86" type="stmt"/>
        <line num="172" count="67" type="cond" truecount="1" falsecount="1"/>
        <line num="173" count="67" type="cond" truecount="1" falsecount="1"/>
        <line num="174" count="67" type="stmt"/>
        <line num="176" count="67" type="stmt"/>
        <line num="177" count="67" type="stmt"/>
        <line num="179" count="86" type="cond" truecount="2" falsecount="0"/>
        <line num="180" count="84" type="stmt"/>
        <line num="184" count="86" type="stmt"/>
        <line num="185" count="86" type="stmt"/>
        <line num="186" count="218" type="stmt"/>
        <line num="187" count="218" type="cond" truecount="3" falsecount="1"/>
        <line num="188" count="0" type="stmt"/>
        <line num="190" count="218" type="stmt"/>
        <line num="194" count="86" type="cond" truecount="1" falsecount="1"/>
        <line num="204" count="86" type="stmt"/>
        <line num="209" count="2" type="stmt"/>
        <line num="210" count="3" type="cond" truecount="2" falsecount="0"/>
        <line num="224" count="23" type="stmt"/>
        <line num="225" count="23" type="stmt"/>
        <line num="226" count="23" type="cond" truecount="1" falsecount="1"/>
        <line num="228" count="1" type="stmt"/>
        <line num="232" count="23" type="stmt"/>
        <line num="233" count="23" type="stmt"/>
        <line num="235" count="23" type="cond" truecount="1" falsecount="1"/>
        <line num="238" count="23" type="cond" truecount="1" falsecount="1"/>
        <line num="240" count="1" type="stmt"/>
        <line num="244" count="23" type="stmt"/>
        <line num="245" count="23" type="stmt"/>
        <line num="247" count="23" type="cond" truecount="1" falsecount="1"/>
        <line num="250" count="23" type="cond" truecount="1" falsecount="1"/>
        <line num="252" count="1" type="stmt"/>
        <line num="256" count="23" type="stmt"/>
      </file>
      <file name="scaling.ts" path="/home/liske/.openclaw/workspace/meal-swiper/lib/scaling.ts">
        <metrics statements="43" coveredstatements="40" conditionals="35" coveredconditionals="32" methods="7" coveredmethods="7"/>
        <line num="5" count="9" type="stmt"/>
        <line num="12" count="22" type="cond" truecount="4" falsecount="0"/>
        <line num="14" count="1" type="stmt"/>
        <line num="16" count="43" type="stmt"/>
        <line num="17" count="21" type="stmt"/>
        <line num="25" count="64" type="stmt"/>
        <line num="34" count="30" type="cond" truecount="2" falsecount="0"/>
        <line num="36" count="29" type="stmt"/>
        <line num="38" count="29" type="cond" truecount="2" falsecount="0"/>
        <line num="40" count="17" type="stmt"/>
        <line num="43" count="12" type="stmt"/>
        <line num="44" count="12" type="stmt"/>
        <line num="45" count="12" type="stmt"/>
        <line num="46" count="144" type="stmt"/>
        <line num="47" count="144" type="cond" truecount="2" falsecount="0"/>
        <line num="48" count="33" type="stmt"/>
        <line num="49" count="33" type="stmt"/>
        <line num="52" count="12" type="stmt"/>
        <line num="56" count="134" type="stmt"/>
        <line num="57" count="134" type="cond" truecount="2" falsecount="0"/>
        <line num="59" count="133" type="stmt"/>
        <line num="63" count="133" type="stmt"/>
        <line num="66" count="133" type="cond" truecount="4" falsecount="0"/>
        <line num="69" count="134" type="cond" truecount="2" falsecount="0"/>
        <line num="70" count="836" type="stmt"/>
        <line num="73" count="134" type="cond" truecount="4" falsecount="0"/>
        <line num="74" count="76" type="stmt"/>
        <line num="75" count="57" type="cond" truecount="2" falsecount="0"/>
        <line num="77" count="21" type="stmt"/>
        <line num="78" count="36" type="cond" truecount="1" falsecount="1"/>
        <line num="80" count="36" type="cond" truecount="2" falsecount="0"/>
        <line num="81" count="1" type="stmt"/>
        <line num="83" count="35" type="stmt"/>
        <line num="85" count="0" type="cond" truecount="0" falsecount="2"/>
        <line num="86" count="0" type="stmt"/>
        <line num="88" count="0" type="stmt"/>
        <line num="93" count="133" type="cond" truecount="2" falsecount="0"/>
        <line num="94" count="8" type="cond" truecount="2" falsecount="0"/>
        <line num="96" count="7" type="stmt"/>
        <line num="99" count="1" type="stmt"/>
        <line num="100" count="1" type="stmt"/>
        <line num="104" count="133" type="stmt"/>
        <line num="111" count="62" type="stmt"/>
      </file>
      <file name="shopping.ts" path="/home/liske/.openclaw/workspace/meal-swiper/lib/shopping.ts">
        <metrics statements="76" coveredstatements="76" conditionals="84" coveredconditionals="75" methods="10" coveredmethods="10"/>
        <line num="8" count="2" type="stmt"/>
        <line num="21" count="2" type="stmt"/>
        <line num="96" count="2" type="stmt"/>
        <line num="121" count="106" type="stmt"/>
        <line num="124" count="15" type="cond" truecount="1" falsecount="1"/>
        <line num="127" count="106" type="cond" truecount="2" falsecount="0"/>
        <line num="130" count="100" type="cond" truecount="2" falsecount="0"/>
        <line num="132" count="62" type="stmt"/>
        <line num="137" count="6" type="cond" truecount="2" falsecount="0"/>
        <line num="138" count="5" type="cond" truecount="2" falsecount="0"/>
        <line num="139" count="4" type="stmt"/>
        <line num="144" count="25" type="stmt"/>
        <line num="145" count="25" type="stmt"/>
        <line num="147" count="25" type="cond" truecount="4" falsecount="0"/>
        <line num="148" count="2" type="stmt"/>
        <line num="152" count="23" type="cond" truecount="2" falsecount="0"/>
        <line num="153" count="15" type="stmt"/>
        <line num="155" count="15" type="stmt"/>
        <line num="157" count="15" type="cond" truecount="4" falsecount="0"/>
        <line num="159" count="7" type="cond" truecount="4" falsecount="2"/>
        <line num="160" count="6" type="stmt"/>
        <line num="161" count="6" type="cond" truecount="1" falsecount="1"/>
        <line num="164" count="1" type="stmt"/>
        <line num="165" count="1" type="cond" truecount="1" falsecount="1"/>
        <line num="169" count="8" type="cond" truecount="2" falsecount="0"/>
        <line num="170" count="8" type="cond" truecount="3" falsecount="0"/>
        <line num="173" count="15" type="stmt"/>
        <line num="177" count="8" type="cond" truecount="2" falsecount="0"/>
        <line num="178" count="25" type="cond" truecount="2" falsecount="0"/>
        <line num="181" count="25" type="cond" truecount="2" falsecount="0"/>
        <line num="186" count="1" type="stmt"/>
        <line num="187" count="1" type="stmt"/>
        <line num="191" count="7" type="cond" truecount="4" falsecount="0"/>
        <line num="192" count="2" type="stmt"/>
        <line num="193" count="2" type="stmt"/>
        <line num="195" count="5" type="cond" truecount="4" falsecount="0"/>
        <line num="196" count="2" type="stmt"/>
        <line num="197" count="2" type="stmt"/>
        <line num="201" count="3" type="stmt"/>
        <line num="202" count="3" type="stmt"/>
        <line num="205" count="3" type="cond" truecount="2" falsecount="0"/>
        <line num="206" count="25" type="cond" truecount="2" falsecount="0"/>
        <line num="207" count="25" type="cond" truecount="2" falsecount="0"/>
        <line num="208" count="25" type="cond" truecount="2" falsecount="0"/>
        <line num="210" count="25" type="cond" truecount="2" falsecount="0"/>
        <line num="211" count="2" type="stmt"/>
        <line num="213" count="2" type="stmt"/>
        <line num="217" count="1" type="stmt"/>
        <line num="228" count="2" type="stmt"/>
        <line num="291" count="45" type="stmt"/>
        <line num="292" count="45" type="stmt"/>
        <line num="297" count="28" type="cond" truecount="1" falsecount="1"/>
        <line num="298" count="28" type="stmt"/>
        <line num="302" count="17" type="stmt"/>
        <line num="304" count="17" type="stmt"/>
        <line num="305" count="31" type="stmt"/>
        <line num="306" count="37" type="cond" truecount="2" falsecount="0"/>
        <line num="307" count="35" type="stmt"/>
        <line num="308" count="35" type="stmt"/>
        <line num="309" count="35" type="stmt"/>
        <line num="310" count="35" type="cond" truecount="2" falsecount="0"/>
        <line num="311" count="7" type="stmt"/>
        <line num="313" count="28" type="stmt"/>
        <line num="321" count="17" type="stmt"/>
        <line num="322" count="138" type="cond" truecount="5" falsecount="0"/>
        <line num="323" count="23" type="stmt"/>
        <line num="326" count="23" type="stmt"/>
        <line num="328" count="23" type="cond" truecount="1" falsecount="1"/>
        <line num="331" count="138" type="cond" truecount="2" falsecount="0"/>
        <line num="337" count="23" type="cond" truecount="2" falsecount="0"/>
        <line num="338" count="8" type="stmt"/>
        <line num="340" count="8" type="cond" truecount="1" falsecount="1"/>
        <line num="343" count="8" type="cond" truecount="1" falsecount="1"/>
        <line num="351" count="17" type="stmt"/>
        <line num="352" count="28" type="stmt"/>
        <line num="353" count="14" type="stmt"/>
      </file>
      <file name="storage.ts" path="/home/liske/.openclaw/workspace/meal-swiper/lib/storage.ts">
        <metrics statements="14" coveredstatements="14" conditionals="6" coveredconditionals="5" methods="6" coveredmethods="6"/>
        <line num="3" count="2" type="stmt"/>
        <line num="17" count="25" type="cond" truecount="1" falsecount="1"/>
        <line num="18" count="25" type="stmt"/>
        <line num="19" count="25" type="cond" truecount="2" falsecount="0"/>
        <line num="20" count="1" type="stmt"/>
        <line num="22" count="24" type="stmt"/>
        <line num="26" count="12" type="stmt"/>
        <line num="30" count="3" type="stmt"/>
        <line num="31" count="3" type="cond" truecount="2" falsecount="0"/>
        <line num="32" count="1" type="stmt"/>
        <line num="34" count="2" type="stmt"/>
        <line num="38" count="2" type="stmt"/>
        <line num="42" count="1" type="stmt"/>
        <line num="46" count="1" type="stmt"/>
      </file>
      <file name="utils.ts" path="/home/liske/.openclaw/workspace/meal-swiper/lib/utils.ts">
        <metrics statements="34" coveredstatements="34" conditionals="6" coveredconditionals="5" methods="7" coveredmethods="7"/>
        <line num="1" count="13" type="stmt"/>
        <line num="17" count="87" type="stmt"/>
        <line num="18" count="87" type="stmt"/>
        <line num="19" count="87" type="stmt"/>
        <line num="20" count="87" type="cond" truecount="1" falsecount="1"/>
        <line num="21" count="87" type="stmt"/>
        <line num="22" count="87" type="stmt"/>
        <line num="26" count="35" type="stmt"/>
        <line num="28" count="35" type="stmt"/>
        <line num="29" count="35" type="stmt"/>
        <line num="30" count="35" type="stmt"/>
        <line num="31" count="35" type="stmt"/>
        <line num="35" count="49" type="stmt"/>
        <line num="36" count="49" type="stmt"/>
        <line num="37" count="49" type="stmt"/>
        <line num="38" count="245" type="stmt"/>
        <line num="39" count="245" type="stmt"/>
        <line num="40" count="245" type="stmt"/>
        <line num="42" count="49" type="stmt"/>
        <line num="46" count="10" type="stmt"/>
        <line num="47" count="10" type="stmt"/>
        <line num="49" count="10" type="cond" truecount="2" falsecount="0"/>
        <line num="50" count="9" type="stmt"/>
        <line num="52" count="1" type="stmt"/>
        <line num="56" count="14" type="stmt"/>
        <line num="57" count="14" type="stmt"/>
        <line num="58" count="15" type="stmt"/>
        <line num="60" count="14" type="cond" truecount="2" falsecount="0"/>
        <line num="61" count="13" type="stmt"/>
        <line num="63" count="1" type="stmt"/>
        <line num="67" count="323" type="stmt"/>
        <line num="70" count="13" type="stmt"/>
        <line num="71" count="13" type="stmt"/>
        <line num="72" count="13" type="stmt"/>
      </file>
    </package>
    <package name="scripts.lib">
      <metrics statements="13" coveredstatements="13" conditionals="4" coveredconditionals="4" methods="2" coveredmethods="2"/>
      <file name="dedup.js" path="/home/liske/.openclaw/workspace/meal-swiper/scripts/lib/dedup.js">
        <metrics statements="13" coveredstatements="13" conditionals="4" coveredconditionals="4" methods="2" coveredmethods="2"/>
        <line num="4" count="13" type="stmt"/>
        <line num="12" count="5" type="stmt"/>
        <line num="13" count="5" type="stmt"/>
        <line num="14" count="5" type="stmt"/>
        <line num="16" count="5" type="stmt"/>
        <line num="17" count="10" type="stmt"/>
        <line num="18" count="10" type="cond" truecount="2" falsecount="0"/>
        <line num="19" count="4" type="stmt"/>
        <line num="21" count="6" type="stmt"/>
        <line num="22" count="6" type="stmt"/>
        <line num="26" count="5" type="cond" truecount="2" falsecount="0"/>
        <line num="27" count="4" type="stmt"/>
        <line num="30" count="5" type="stmt"/>
      </file>
    </package>
  </project>
</coverage>
