{
  "/home/liske/.openclaw/workspace/meal-swiper/components/AppShell.tsx": {
    "path": "/home/liske/.openclaw/workspace/meal-swiper/components/AppShell.tsx",
    "statementMap": {
      "0": { "start": { "line": 12, "column": 44 }, "end": { "line": 18, "column": null } },
      "1": { "start": { "line": 21, "column": 2 }, "end": { "line": 21, "column": null } },
      "2": { "start": { "line": 21, "column": 37 }, "end": { "line": 21, "column": null } },
      "3": { "start": { "line": 22, "column": 2 }, "end": { "line": 22, "column": null } },
      "4": { "start": { "line": 22, "column": 40 }, "end": { "line": 22, "column": null } },
      "5": { "start": { "line": 23, "column": 2 }, "end": { "line": 23, "column": null } },
      "6": { "start": { "line": 23, "column": 39 }, "end": { "line": 23, "column": null } },
      "7": { "start": { "line": 24, "column": 2 }, "end": { "line": 24, "column": null } },
      "8": { "start": { "line": 24, "column": 40 }, "end": { "line": 24, "column": null } },
      "9": { "start": { "line": 25, "column": 2 }, "end": { "line": 25, "column": null } },
      "10": { "start": { "line": 29, "column": 8 }, "end": { "line": 29, "column": null } },
      "11": { "start": { "line": 30, "column": 50 }, "end": { "line": 30, "column": null } },
      "12": { "start": { "line": 31, "column": 21 }, "end": { "line": 31, "column": null } },
      "13": { "start": { "line": 33, "column": 8 }, "end": { "line": 33, "column": null } },
      "14": { "start": { "line": 33, "column": 28 }, "end": { "line": 33, "column": 60 } },
      "15": { "start": { "line": 34, "column": 8 }, "end": { "line": 34, "column": null } },
      "16": { "start": { "line": 34, "column": 33 }, "end": { "line": 34, "column": 72 } },
      "17": { "start": { "line": 36, "column": 2 }, "end": { "line": 93, "column": null } },
      "18": { "start": { "line": 50, "column": 29 }, "end": { "line": 50, "column": null } },
      "19": { "start": { "line": 61, "column": 29 }, "end": { "line": 61, "column": null } },
      "20": { "start": { "line": 98, "column": 2 }, "end": { "line": 101, "column": null } }
    },
    "fnMap": {
      "0": {
        "name": "pathToViewId",
        "decl": { "start": { "line": 20, "column": 9 }, "end": { "line": 20, "column": 22 } },
        "loc": { "start": { "line": 20, "column": 48 }, "end": { "line": 26, "column": null } },
        "line": 20
      },
      "1": {
        "name": "AppShellInner",
        "decl": { "start": { "line": 28, "column": 9 }, "end": { "line": 28, "column": 23 } },
        "loc": { "start": { "line": 28, "column": 68 }, "end": { "line": 95, "column": null } },
        "line": 28
      },
      "2": {
        "name": "(anonymous_2)",
        "decl": { "start": { "line": 33, "column": 28 }, "end": { "line": 33, "column": 34 } },
        "loc": { "start": { "line": 33, "column": 28 }, "end": { "line": 33, "column": 60 } },
        "line": 33
      },
      "3": {
        "name": "(anonymous_3)",
        "decl": { "start": { "line": 34, "column": 33 }, "end": { "line": 34, "column": 39 } },
        "loc": { "start": { "line": 34, "column": 33 }, "end": { "line": 34, "column": 72 } },
        "line": 34
      },
      "4": {
        "name": "(anonymous_4)",
        "decl": { "start": { "line": 50, "column": 23 }, "end": { "line": 50, "column": 29 } },
        "loc": { "start": { "line": 50, "column": 29 }, "end": { "line": 50, "column": null } },
        "line": 50
      },
      "5": {
        "name": "(anonymous_5)",
        "decl": { "start": { "line": 61, "column": 23 }, "end": { "line": 61, "column": 29 } },
        "loc": { "start": { "line": 61, "column": 29 }, "end": { "line": 61, "column": null } },
        "line": 61
      },
      "6": {
        "name": "AppShell",
        "decl": { "start": { "line": 97, "column": 24 }, "end": { "line": 97, "column": 33 } },
        "loc": { "start": { "line": 97, "column": 78 }, "end": { "line": 103, "column": null } },
        "line": 97
      }
    },
    "branchMap": {
      "0": {
        "loc": { "start": { "line": 21, "column": 2 }, "end": { "line": 21, "column": null } },
        "type": "if",
        "locations": [
          { "start": { "line": 21, "column": 2 }, "end": { "line": 21, "column": null } },
          { "start": {}, "end": {} }
        ],
        "line": 21
      },
      "1": {
        "loc": { "start": { "line": 22, "column": 2 }, "end": { "line": 22, "column": null } },
        "type": "if",
        "locations": [
          { "start": { "line": 22, "column": 2 }, "end": { "line": 22, "column": null } },
          { "start": {}, "end": {} }
        ],
        "line": 22
      },
      "2": {
        "loc": { "start": { "line": 23, "column": 2 }, "end": { "line": 23, "column": null } },
        "type": "if",
        "locations": [
          { "start": { "line": 23, "column": 2 }, "end": { "line": 23, "column": null } },
          { "start": {}, "end": {} }
        ],
        "line": 23
      },
      "3": {
        "loc": { "start": { "line": 24, "column": 2 }, "end": { "line": 24, "column": null } },
        "type": "if",
        "locations": [
          { "start": { "line": 24, "column": 2 }, "end": { "line": 24, "column": null } },
          { "start": {}, "end": {} }
        ],
        "line": 24
      },
      "4": {
        "loc": { "start": { "line": 74, "column": 64 }, "end": { "line": 74, "column": 155 } },
        "type": "cond-expr",
        "locations": [
          { "start": { "line": 74, "column": 92 }, "end": { "line": 74, "column": 109 } },
          { "start": { "line": 74, "column": 109 }, "end": { "line": 74, "column": 155 } }
        ],
        "line": 74
      },
      "5": {
        "loc": { "start": { "line": 75, "column": 23 }, "end": { "line": 75, "column": null } },
        "type": "cond-expr",
        "locations": [
          { "start": { "line": 75, "column": 51 }, "end": { "line": 75, "column": 91 } },
          { "start": { "line": 75, "column": 91 }, "end": { "line": 75, "column": null } }
        ],
        "line": 75
      },
      "6": {
        "loc": { "start": { "line": 85, "column": 11 }, "end": { "line": 85, "column": null } },
        "type": "cond-expr",
        "locations": [
          { "start": { "line": 85, "column": 26 }, "end": { "line": 85, "column": 47 } },
          { "start": { "line": 85, "column": 47 }, "end": { "line": 85, "column": null } }
        ],
        "line": 85
      }
    },
    "s": {
      "0": 1,
      "1": 12,
      "2": 1,
      "3": 11,
      "4": 1,
      "5": 10,
      "6": 1,
      "7": 9,
      "8": 1,
      "9": 8,
      "10": 12,
      "11": 12,
      "12": 12,
      "13": 12,
      "14": 12,
      "15": 12,
      "16": 12,
      "17": 12,
      "18": 1,
      "19": 1,
      "20": 12
    },
    "f": { "0": 12, "1": 12, "2": 12, "3": 12, "4": 1, "5": 1, "6": 12 },
    "b": {
      "0": [1, 11],
      "1": [1, 10],
      "2": [1, 9],
      "3": [1, 8],
      "4": [1, 11],
      "5": [1, 11],
      "6": [1, 11]
    },
    "meta": {
      "lastBranch": 7,
      "lastFunction": 7,
      "lastStatement": 21,
      "seen": {
        "s:12:44:18:Infinity": 0,
        "f:20:9:20:22": 0,
        "b:21:2:21:Infinity:undefined:undefined:undefined:undefined": 0,
        "s:21:2:21:Infinity": 1,
        "s:21:37:21:Infinity": 2,
        "b:22:2:22:Infinity:undefined:undefined:undefined:undefined": 1,
        "s:22:2:22:Infinity": 3,
        "s:22:40:22:Infinity": 4,
        "b:23:2:23:Infinity:undefined:undefined:undefined:undefined": 2,
        "s:23:2:23:Infinity": 5,
        "s:23:39:23:Infinity": 6,
        "b:24:2:24:Infinity:undefined:undefined:undefined:undefined": 3,
        "s:24:2:24:Infinity": 7,
        "s:24:40:24:Infinity": 8,
        "s:25:2:25:Infinity": 9,
        "f:28:9:28:23": 1,
        "s:29:8:29:Infinity": 10,
        "s:30:50:30:Infinity": 11,
        "s:31:21:31:Infinity": 12,
        "s:33:8:33:Infinity": 13,
        "f:33:28:33:34": 2,
        "s:33:28:33:60": 14,
        "s:34:8:34:Infinity": 15,
        "f:34:33:34:39": 3,
        "s:34:33:34:72": 16,
        "s:36:2:93:Infinity": 17,
        "f:50:23:50:29": 4,
        "s:50:29:50:Infinity": 18,
        "f:61:23:61:29": 5,
        "s:61:29:61:Infinity": 19,
        "b:74:92:74:109:74:109:74:155": 4,
        "b:75:51:75:91:75:91:75:Infinity": 5,
        "b:85:26:85:47:85:47:85:Infinity": 6,
        "f:97:24:97:33": 6,
        "s:98:2:101:Infinity": 20
      }
    }
  },
  "/home/liske/.openclaw/workspace/meal-swiper/components/CalendarView.tsx": {
    "path": "/home/liske/.openclaw/workspace/meal-swiper/components/CalendarView.tsx",
    "statementMap": {
      "0": { "start": { "line": 26, "column": 19 }, "end": { "line": 26, "column": null } },
      "1": { "start": { "line": 27, "column": 38 }, "end": { "line": 27, "column": null } },
      "2": { "start": { "line": 28, "column": 20 }, "end": { "line": 28, "column": null } },
      "3": { "start": { "line": 30, "column": 2 }, "end": { "line": 51, "column": null } },
      "4": { "start": { "line": 34, "column": 10 }, "end": { "line": 46, "column": null } },
      "5": { "start": { "line": 50, "column": 52 }, "end": { "line": 50, "column": 75 } }
    },
    "fnMap": {
      "0": {
        "name": "CalendarView",
        "decl": { "start": { "line": 19, "column": 24 }, "end": { "line": 19, "column": 37 } },
        "loc": { "start": { "line": 25, "column": 22 }, "end": { "line": 53, "column": null } },
        "line": 25
      },
      "1": {
        "name": "(anonymous_1)",
        "decl": { "start": { "line": 33, "column": 22 }, "end": { "line": 33, "column": 23 } },
        "loc": { "start": { "line": 34, "column": 10 }, "end": { "line": 46, "column": null } },
        "line": 34
      },
      "2": {
        "name": "(anonymous_2)",
        "decl": { "start": { "line": 50, "column": 46 }, "end": { "line": 50, "column": 52 } },
        "loc": { "start": { "line": 50, "column": 52 }, "end": { "line": 50, "column": 75 } },
        "line": 50
      }
    },
    "branchMap": {},
    "s": { "0": 4, "1": 4, "2": 4, "3": 4, "4": 20, "5": 0 },
    "f": { "0": 4, "1": 20, "2": 0 },
    "b": {},
    "meta": {
      "lastBranch": 0,
      "lastFunction": 3,
      "lastStatement": 6,
      "seen": {
        "f:19:24:19:37": 0,
        "s:26:19:26:Infinity": 0,
        "s:27:38:27:Infinity": 1,
        "s:28:20:28:Infinity": 2,
        "s:30:2:51:Infinity": 3,
        "f:33:22:33:23": 1,
        "s:34:10:46:Infinity": 4,
        "f:50:46:50:52": 2,
        "s:50:52:50:75": 5
      }
    }
  },
  "/home/liske/.openclaw/workspace/meal-swiper/components/CongratulationsToast.tsx": {
    "path": "/home/liske/.openclaw/workspace/meal-swiper/components/CongratulationsToast.tsx",
    "statementMap": {
      "0": { "start": { "line": 8, "column": 33 }, "end": { "line": 8, "column": null } },
      "1": { "start": { "line": 9, "column": 8 }, "end": { "line": 9, "column": null } },
      "2": { "start": { "line": 10, "column": 28 }, "end": { "line": 10, "column": null } },
      "3": { "start": { "line": 11, "column": 22 }, "end": { "line": 11, "column": null } },
      "4": { "start": { "line": 12, "column": 8 }, "end": { "line": 12, "column": null } },
      "5": { "start": { "line": 14, "column": 2 }, "end": { "line": 36, "column": null } },
      "6": { "start": { "line": 15, "column": 4 }, "end": { "line": 15, "column": null } },
      "7": { "start": { "line": 15, "column": 24 }, "end": { "line": 15, "column": null } },
      "8": { "start": { "line": 16, "column": 16 }, "end": { "line": 16, "column": null } },
      "9": { "start": { "line": 17, "column": 4 }, "end": { "line": 17, "column": null } },
      "10": { "start": { "line": 17, "column": 37 }, "end": { "line": 17, "column": null } },
      "11": { "start": { "line": 18, "column": 4 }, "end": { "line": 18, "column": null } },
      "12": { "start": { "line": 21, "column": 15 }, "end": { "line": 24, "column": null } },
      "13": { "start": { "line": 22, "column": 6 }, "end": { "line": 22, "column": null } },
      "14": { "start": { "line": 23, "column": 6 }, "end": { "line": 23, "column": null } },
      "15": { "start": { "line": 23, "column": 34 }, "end": { "line": 23, "column": 50 } },
      "16": { "start": { "line": 26, "column": 15 }, "end": { "line": 29, "column": null } },
      "17": { "start": { "line": 27, "column": 6 }, "end": { "line": 27, "column": null } },
      "18": { "start": { "line": 28, "column": 6 }, "end": { "line": 28, "column": null } },
      "19": { "start": { "line": 28, "column": 23 }, "end": { "line": 28, "column": 39 } },
      "20": { "start": { "line": 31, "column": 4 }, "end": { "line": 31, "column": null } },
      "21": { "start": { "line": 33, "column": 4 }, "end": { "line": 35, "column": null } },
      "22": { "start": { "line": 34, "column": 6 }, "end": { "line": 34, "column": null } },
      "23": { "start": { "line": 38, "column": 8 }, "end": { "line": 42, "column": null } },
      "24": { "start": { "line": 39, "column": 4 }, "end": { "line": 39, "column": null } },
      "25": { "start": { "line": 40, "column": 4 }, "end": { "line": 40, "column": null } },
      "26": { "start": { "line": 40, "column": 21 }, "end": { "line": 40, "column": 37 } },
      "27": { "start": { "line": 41, "column": 4 }, "end": { "line": 41, "column": null } },
      "28": { "start": { "line": 44, "column": 2 }, "end": { "line": 44, "column": null } },
      "29": { "start": { "line": 44, "column": 13 }, "end": { "line": 44, "column": null } },
      "30": { "start": { "line": 46, "column": 2 }, "end": { "line": 54, "column": null } }
    },
    "fnMap": {
      "0": {
        "name": "CongratulationsToast",
        "decl": { "start": { "line": 7, "column": 24 }, "end": { "line": 7, "column": 47 } },
        "loc": { "start": { "line": 7, "column": 47 }, "end": { "line": 56, "column": null } },
        "line": 7
      },
      "1": {
        "name": "(anonymous_1)",
        "decl": { "start": { "line": 14, "column": 12 }, "end": { "line": 14, "column": 18 } },
        "loc": { "start": { "line": 14, "column": 18 }, "end": { "line": 36, "column": 5 } },
        "line": 14
      },
      "2": {
        "name": "(anonymous_2)",
        "decl": { "start": { "line": 21, "column": 26 }, "end": { "line": 21, "column": 32 } },
        "loc": { "start": { "line": 21, "column": 32 }, "end": { "line": 24, "column": 7 } },
        "line": 21
      },
      "3": {
        "name": "(anonymous_3)",
        "decl": { "start": { "line": 23, "column": 28 }, "end": { "line": 23, "column": 34 } },
        "loc": { "start": { "line": 23, "column": 34 }, "end": { "line": 23, "column": 50 } },
        "line": 23
      },
      "4": {
        "name": "(anonymous_4)",
        "decl": { "start": { "line": 26, "column": 26 }, "end": { "line": 26, "column": 32 } },
        "loc": { "start": { "line": 26, "column": 32 }, "end": { "line": 29, "column": 7 } },
        "line": 26
      },
      "5": {
        "name": "(anonymous_5)",
        "decl": { "start": { "line": 28, "column": 17 }, "end": { "line": 28, "column": 23 } },
        "loc": { "start": { "line": 28, "column": 23 }, "end": { "line": 28, "column": 39 } },
        "line": 28
      },
      "6": {
        "name": "(anonymous_6)",
        "decl": { "start": { "line": 33, "column": 11 }, "end": { "line": 33, "column": 17 } },
        "loc": { "start": { "line": 33, "column": 17 }, "end": { "line": 35, "column": null } },
        "line": 33
      },
      "7": {
        "name": "(anonymous_7)",
        "decl": { "start": { "line": 38, "column": 34 }, "end": { "line": 38, "column": 40 } },
        "loc": { "start": { "line": 38, "column": 40 }, "end": { "line": 42, "column": 5 } },
        "line": 38
      },
      "8": {
        "name": "(anonymous_8)",
        "decl": { "start": { "line": 40, "column": 15 }, "end": { "line": 40, "column": 21 } },
        "loc": { "start": { "line": 40, "column": 21 }, "end": { "line": 40, "column": 37 } },
        "line": 40
      }
    },
    "branchMap": {
      "0": {
        "loc": { "start": { "line": 15, "column": 4 }, "end": { "line": 15, "column": null } },
        "type": "if",
        "locations": [
          { "start": { "line": 15, "column": 4 }, "end": { "line": 15, "column": null } },
          { "start": {}, "end": {} }
        ],
        "line": 15
      },
      "1": {
        "loc": { "start": { "line": 17, "column": 4 }, "end": { "line": 17, "column": null } },
        "type": "if",
        "locations": [
          { "start": { "line": 17, "column": 4 }, "end": { "line": 17, "column": null } },
          { "start": {}, "end": {} }
        ],
        "line": 17
      },
      "2": {
        "loc": { "start": { "line": 44, "column": 2 }, "end": { "line": 44, "column": null } },
        "type": "if",
        "locations": [
          { "start": { "line": 44, "column": 2 }, "end": { "line": 44, "column": null } },
          { "start": {}, "end": {} }
        ],
        "line": 44
      },
      "3": {
        "loc": { "start": { "line": 50, "column": 8 }, "end": { "line": 50, "column": null } },
        "type": "cond-expr",
        "locations": [
          { "start": { "line": 50, "column": 18 }, "end": { "line": 50, "column": 48 } },
          { "start": { "line": 50, "column": 48 }, "end": { "line": 50, "column": null } }
        ],
        "line": 50
      }
    },
    "s": {
      "0": 7,
      "1": 7,
      "2": 7,
      "3": 7,
      "4": 7,
      "5": 7,
      "6": 4,
      "7": 1,
      "8": 3,
      "9": 3,
      "10": 1,
      "11": 2,
      "12": 2,
      "13": 2,
      "14": 2,
      "15": 2,
      "16": 2,
      "17": 0,
      "18": 0,
      "19": 0,
      "20": 2,
      "21": 2,
      "22": 2,
      "23": 7,
      "24": 1,
      "25": 1,
      "26": 0,
      "27": 1,
      "28": 7,
      "29": 4,
      "30": 3
    },
    "f": { "0": 7, "1": 4, "2": 2, "3": 2, "4": 0, "5": 0, "6": 2, "7": 1, "8": 0 },
    "b": { "0": [1, 3], "1": [1, 2], "2": [4, 3], "3": [0, 3] },
    "meta": {
      "lastBranch": 4,
      "lastFunction": 9,
      "lastStatement": 31,
      "seen": {
        "f:7:24:7:47": 0,
        "s:8:33:8:Infinity": 0,
        "s:9:8:9:Infinity": 1,
        "s:10:28:10:Infinity": 2,
        "s:11:22:11:Infinity": 3,
        "s:12:8:12:Infinity": 4,
        "s:14:2:36:Infinity": 5,
        "f:14:12:14:18": 1,
        "b:15:4:15:Infinity:undefined:undefined:undefined:undefined": 0,
        "s:15:4:15:Infinity": 6,
        "s:15:24:15:Infinity": 7,
        "s:16:16:16:Infinity": 8,
        "b:17:4:17:Infinity:undefined:undefined:undefined:undefined": 1,
        "s:17:4:17:Infinity": 9,
        "s:17:37:17:Infinity": 10,
        "s:18:4:18:Infinity": 11,
        "s:21:15:24:Infinity": 12,
        "f:21:26:21:32": 2,
        "s:22:6:22:Infinity": 13,
        "s:23:6:23:Infinity": 14,
        "f:23:28:23:34": 3,
        "s:23:34:23:50": 15,
        "s:26:15:29:Infinity": 16,
        "f:26:26:26:32": 4,
        "s:27:6:27:Infinity": 17,
        "s:28:6:28:Infinity": 18,
        "f:28:17:28:23": 5,
        "s:28:23:28:39": 19,
        "s:31:4:31:Infinity": 20,
        "s:33:4:35:Infinity": 21,
        "f:33:11:33:17": 6,
        "s:34:6:34:Infinity": 22,
        "s:38:8:42:Infinity": 23,
        "f:38:34:38:40": 7,
        "s:39:4:39:Infinity": 24,
        "s:40:4:40:Infinity": 25,
        "f:40:15:40:21": 8,
        "s:40:21:40:37": 26,
        "s:41:4:41:Infinity": 27,
        "b:44:2:44:Infinity:undefined:undefined:undefined:undefined": 2,
        "s:44:2:44:Infinity": 28,
        "s:44:13:44:Infinity": 29,
        "s:46:2:54:Infinity": 30,
        "b:50:18:50:48:50:48:50:Infinity": 3
      }
    }
  },
  "/home/liske/.openclaw/workspace/meal-swiper/components/MealModal.tsx": {
    "path": "/home/liske/.openclaw/workspace/meal-swiper/components/MealModal.tsx",
    "statementMap": {
      "0": { "start": { "line": 16, "column": 2 }, "end": { "line": 21, "column": null } },
      "1": { "start": { "line": 17, "column": 19 }, "end": { "line": 17, "column": null } },
      "2": { "start": { "line": 18, "column": 4 }, "end": { "line": 18, "column": null } },
      "3": { "start": { "line": 20, "column": 4 }, "end": { "line": 20, "column": null } },
      "4": { "start": { "line": 25, "column": 32 }, "end": { "line": 25, "column": null } },
      "5": { "start": { "line": 26, "column": 17 }, "end": { "line": 26, "column": null } },
      "6": { "start": { "line": 27, "column": 32 }, "end": { "line": 27, "column": null } },
      "7": { "start": { "line": 28, "column": 30 }, "end": { "line": 28, "column": null } },
      "8": { "start": { "line": 30, "column": 2 }, "end": { "line": 43, "column": null } },
      "9": { "start": { "line": 31, "column": 4 }, "end": { "line": 42, "column": null } },
      "10": { "start": { "line": 32, "column": 18 }, "end": { "line": 32, "column": null } },
      "11": { "start": { "line": 32, "column": 46 }, "end": { "line": 32, "column": 64 } },
      "12": { "start": { "line": 33, "column": 6 }, "end": { "line": 33, "column": null } },
      "13": { "start": { "line": 34, "column": 6 }, "end": { "line": 37, "column": null } },
      "14": { "start": { "line": 35, "column": 8 }, "end": { "line": 35, "column": null } },
      "15": { "start": { "line": 36, "column": 8 }, "end": { "line": 36, "column": null } },
      "16": { "start": { "line": 39, "column": 16 }, "end": { "line": 39, "column": null } },
      "17": { "start": { "line": 39, "column": 33 }, "end": { "line": 39, "column": 54 } },
      "18": { "start": { "line": 40, "column": 6 }, "end": { "line": 40, "column": null } },
      "19": { "start": { "line": 41, "column": 6 }, "end": { "line": 41, "column": null } },
      "20": { "start": { "line": 41, "column": 19 }, "end": { "line": 41, "column": null } },
      "21": { "start": { "line": 45, "column": 8 }, "end": { "line": 48, "column": null } },
      "22": { "start": { "line": 46, "column": 4 }, "end": { "line": 46, "column": null } },
      "23": { "start": { "line": 47, "column": 4 }, "end": { "line": 47, "column": null } },
      "24": { "start": { "line": 47, "column": 21 }, "end": { "line": 47, "column": 32 } },
      "25": { "start": { "line": 50, "column": 2 }, "end": { "line": 57, "column": null } },
      "26": { "start": { "line": 51, "column": 4 }, "end": { "line": 51, "column": null } },
      "27": { "start": { "line": 51, "column": 15 }, "end": { "line": 51, "column": null } },
      "28": { "start": { "line": 52, "column": 22 }, "end": { "line": 54, "column": null } },
      "29": { "start": { "line": 53, "column": 6 }, "end": { "line": 53, "column": null } },
      "30": { "start": { "line": 53, "column": 30 }, "end": { "line": 53, "column": null } },
      "31": { "start": { "line": 55, "column": 4 }, "end": { "line": 55, "column": null } },
      "32": { "start": { "line": 56, "column": 4 }, "end": { "line": 56, "column": null } },
      "33": { "start": { "line": 56, "column": 17 }, "end": { "line": 56, "column": null } },
      "34": { "start": { "line": 59, "column": 2 }, "end": { "line": 59, "column": null } },
      "35": { "start": { "line": 59, "column": 13 }, "end": { "line": 59, "column": null } },
      "36": { "start": { "line": 61, "column": 40 }, "end": { "line": 61, "column": null } },
      "37": { "start": { "line": 62, "column": 40 }, "end": { "line": 62, "column": null } },
      "38": { "start": { "line": 63, "column": 29 }, "end": { "line": 63, "column": null } },
      "39": { "start": { "line": 64, "column": 18 }, "end": { "line": 64, "column": null } },
      "40": { "start": { "line": 66, "column": 21 }, "end": { "line": 66, "column": null } },
      "41": { "start": { "line": 66, "column": 42 }, "end": { "line": 66, "column": 83 } },
      "42": { "start": { "line": 67, "column": 21 }, "end": { "line": 67, "column": null } },
      "43": { "start": { "line": 67, "column": 42 }, "end": { "line": 67, "column": 83 } },
      "44": { "start": { "line": 68, "column": 8 }, "end": { "line": 68, "column": null } },
      "45": { "start": { "line": 70, "column": 8 }, "end": { "line": 70, "column": null } },
      "46": { "start": { "line": 71, "column": 8 }, "end": { "line": 71, "column": null } },
      "47": { "start": { "line": 73, "column": 2 }, "end": { "line": 286, "column": null } },
      "48": { "start": { "line": 85, "column": 26 }, "end": { "line": 85, "column": null } },
      "49": { "start": { "line": 134, "column": 45 }, "end": { "line": 136, "column": null } },
      "50": { "start": { "line": 137, "column": 26 }, "end": { "line": 141, "column": null } },
      "51": { "start": { "line": 155, "column": 48 }, "end": { "line": 157, "column": null } },
      "52": { "start": { "line": 158, "column": 26 }, "end": { "line": 161, "column": null } },
      "53": { "start": { "line": 186, "column": 22 }, "end": { "line": 199, "column": null } },
      "54": { "start": { "line": 209, "column": 35 }, "end": { "line": 209, "column": null } },
      "55": { "start": { "line": 223, "column": 24 }, "end": { "line": 236, "column": null } },
      "56": { "start": { "line": 251, "column": 22 }, "end": { "line": 267, "column": null } },
      "57": { "start": { "line": 260, "column": 28 }, "end": { "line": 263, "column": null } }
    },
    "fnMap": {
      "0": {
        "name": "parseJSON",
        "decl": { "start": { "line": 15, "column": 9 }, "end": { "line": 15, "column": 22 } },
        "loc": { "start": { "line": 15, "column": 52 }, "end": { "line": 22, "column": null } },
        "line": 15
      },
      "1": {
        "name": "MealModal",
        "decl": { "start": { "line": 24, "column": 24 }, "end": { "line": 24, "column": 34 } },
        "loc": { "start": { "line": 24, "column": 69 }, "end": { "line": 288, "column": null } },
        "line": 24
      },
      "2": {
        "name": "(anonymous_2)",
        "decl": { "start": { "line": 30, "column": 12 }, "end": { "line": 30, "column": 18 } },
        "loc": { "start": { "line": 30, "column": 18 }, "end": { "line": 43, "column": 5 } },
        "line": 30
      },
      "3": {
        "name": "(anonymous_3)",
        "decl": { "start": { "line": 32, "column": 40 }, "end": { "line": 32, "column": 46 } },
        "loc": { "start": { "line": 32, "column": 46 }, "end": { "line": 32, "column": 64 } },
        "line": 32
      },
      "4": {
        "name": "(anonymous_4)",
        "decl": { "start": { "line": 34, "column": 13 }, "end": { "line": 34, "column": 19 } },
        "loc": { "start": { "line": 34, "column": 19 }, "end": { "line": 37, "column": null } },
        "line": 34
      },
      "5": {
        "name": "(anonymous_5)",
        "decl": { "start": { "line": 39, "column": 27 }, "end": { "line": 39, "column": 33 } },
        "loc": { "start": { "line": 39, "column": 33 }, "end": { "line": 39, "column": 54 } },
        "line": 39
      },
      "6": {
        "name": "(anonymous_6)",
        "decl": { "start": { "line": 41, "column": 13 }, "end": { "line": 41, "column": 19 } },
        "loc": { "start": { "line": 41, "column": 19 }, "end": { "line": 41, "column": null } },
        "line": 41
      },
      "7": {
        "name": "(anonymous_7)",
        "decl": { "start": { "line": 45, "column": 34 }, "end": { "line": 45, "column": 40 } },
        "loc": { "start": { "line": 45, "column": 40 }, "end": { "line": 48, "column": 5 } },
        "line": 45
      },
      "8": {
        "name": "(anonymous_8)",
        "decl": { "start": { "line": 47, "column": 15 }, "end": { "line": 47, "column": 21 } },
        "loc": { "start": { "line": 47, "column": 21 }, "end": { "line": 47, "column": 32 } },
        "line": 47
      },
      "9": {
        "name": "(anonymous_9)",
        "decl": { "start": { "line": 50, "column": 12 }, "end": { "line": 50, "column": 18 } },
        "loc": { "start": { "line": 50, "column": 18 }, "end": { "line": 57, "column": 5 } },
        "line": 50
      },
      "10": {
        "name": "(anonymous_10)",
        "decl": { "start": { "line": 52, "column": 22 }, "end": { "line": 52, "column": 23 } },
        "loc": { "start": { "line": 52, "column": 44 }, "end": { "line": 54, "column": null } },
        "line": 52
      },
      "11": {
        "name": "(anonymous_11)",
        "decl": { "start": { "line": 56, "column": 11 }, "end": { "line": 56, "column": 17 } },
        "loc": { "start": { "line": 56, "column": 17 }, "end": { "line": 56, "column": null } },
        "line": 56
      },
      "12": {
        "name": "(anonymous_12)",
        "decl": { "start": { "line": 66, "column": 41 }, "end": { "line": 66, "column": 42 } },
        "loc": { "start": { "line": 66, "column": 42 }, "end": { "line": 66, "column": 83 } },
        "line": 66
      },
      "13": {
        "name": "(anonymous_13)",
        "decl": { "start": { "line": 67, "column": 41 }, "end": { "line": 67, "column": 42 } },
        "loc": { "start": { "line": 67, "column": 42 }, "end": { "line": 67, "column": 83 } },
        "line": 67
      },
      "14": {
        "name": "(anonymous_14)",
        "decl": { "start": { "line": 85, "column": 19 }, "end": { "line": 85, "column": 20 } },
        "loc": { "start": { "line": 85, "column": 26 }, "end": { "line": 85, "column": null } },
        "line": 85
      },
      "15": {
        "name": "(anonymous_15)",
        "decl": { "start": { "line": 133, "column": 63 }, "end": { "line": 133, "column": 64 } },
        "loc": { "start": { "line": 133, "column": 78 }, "end": { "line": 143, "column": 25 } },
        "line": 133
      },
      "16": {
        "name": "(anonymous_16)",
        "decl": { "start": { "line": 154, "column": 63 }, "end": { "line": 154, "column": 64 } },
        "loc": { "start": { "line": 154, "column": 78 }, "end": { "line": 163, "column": 25 } },
        "line": 154
      },
      "17": {
        "name": "(anonymous_17)",
        "decl": { "start": { "line": 185, "column": 36 }, "end": { "line": 185, "column": 37 } },
        "loc": { "start": { "line": 186, "column": 22 }, "end": { "line": 199, "column": null } },
        "line": 186
      },
      "18": {
        "name": "(anonymous_18)",
        "decl": { "start": { "line": 209, "column": 29 }, "end": { "line": 209, "column": 35 } },
        "loc": { "start": { "line": 209, "column": 35 }, "end": { "line": 209, "column": null } },
        "line": 209
      },
      "19": {
        "name": "(anonymous_19)",
        "decl": { "start": { "line": 222, "column": 38 }, "end": { "line": 222, "column": 39 } },
        "loc": { "start": { "line": 223, "column": 24 }, "end": { "line": 236, "column": null } },
        "line": 223
      },
      "20": {
        "name": "(anonymous_20)",
        "decl": { "start": { "line": 250, "column": 41 }, "end": { "line": 250, "column": 42 } },
        "loc": { "start": { "line": 251, "column": 22 }, "end": { "line": 267, "column": null } },
        "line": 251
      },
      "21": {
        "name": "(anonymous_21)",
        "decl": { "start": { "line": 259, "column": 40 }, "end": { "line": 259, "column": 41 } },
        "loc": { "start": { "line": 260, "column": 28 }, "end": { "line": 263, "column": null } },
        "line": 260
      }
    },
    "branchMap": {
      "0": {
        "loc": { "start": { "line": 17, "column": 19 }, "end": { "line": 17, "column": null } },
        "type": "cond-expr",
        "locations": [
          { "start": { "line": 17, "column": 46 }, "end": { "line": 17, "column": 65 } },
          { "start": { "line": 17, "column": 65 }, "end": { "line": 17, "column": null } }
        ],
        "line": 17
      },
      "1": {
        "loc": { "start": { "line": 18, "column": 11 }, "end": { "line": 18, "column": null } },
        "type": "binary-expr",
        "locations": [
          { "start": { "line": 18, "column": 11 }, "end": { "line": 18, "column": 21 } },
          { "start": { "line": 18, "column": 21 }, "end": { "line": 18, "column": null } }
        ],
        "line": 18
      },
      "2": {
        "loc": { "start": { "line": 31, "column": 4 }, "end": { "line": 42, "column": null } },
        "type": "if",
        "locations": [
          { "start": { "line": 31, "column": 4 }, "end": { "line": 42, "column": null } },
          { "start": { "line": 38, "column": 11 }, "end": { "line": 42, "column": null } }
        ],
        "line": 31
      },
      "3": {
        "loc": { "start": { "line": 51, "column": 4 }, "end": { "line": 51, "column": null } },
        "type": "if",
        "locations": [
          { "start": { "line": 51, "column": 4 }, "end": { "line": 51, "column": null } },
          { "start": {}, "end": {} }
        ],
        "line": 51
      },
      "4": {
        "loc": { "start": { "line": 53, "column": 6 }, "end": { "line": 53, "column": null } },
        "type": "if",
        "locations": [
          { "start": { "line": 53, "column": 6 }, "end": { "line": 53, "column": null } },
          { "start": {}, "end": {} }
        ],
        "line": 53
      },
      "5": {
        "loc": { "start": { "line": 59, "column": 2 }, "end": { "line": 59, "column": null } },
        "type": "if",
        "locations": [
          { "start": { "line": 59, "column": 2 }, "end": { "line": 59, "column": null } },
          { "start": {}, "end": {} }
        ],
        "line": 59
      },
      "6": {
        "loc": { "start": { "line": 68, "column": 48 }, "end": { "line": 68, "column": 68 } },
        "type": "binary-expr",
        "locations": [
          { "start": { "line": 68, "column": 48 }, "end": { "line": 68, "column": 64 } },
          { "start": { "line": 68, "column": 64 }, "end": { "line": 68, "column": 68 } }
        ],
        "line": 68
      },
      "7": {
        "loc": { "start": { "line": 75, "column": 71 }, "end": { "line": 75, "column": 130 } },
        "type": "cond-expr",
        "locations": [
          { "start": { "line": 75, "column": 83 }, "end": { "line": 75, "column": 99 } },
          { "start": { "line": 75, "column": 99 }, "end": { "line": 75, "column": 130 } }
        ],
        "line": 75
      },
      "8": {
        "loc": { "start": { "line": 84, "column": 203 }, "end": { "line": 84, "column": 268 } },
        "type": "cond-expr",
        "locations": [
          { "start": { "line": 84, "column": 215 }, "end": { "line": 84, "column": 233 } },
          { "start": { "line": 84, "column": 233 }, "end": { "line": 84, "column": 268 } }
        ],
        "line": 84
      },
      "9": {
        "loc": { "start": { "line": 98, "column": 13 }, "end": { "line": 103, "column": null } },
        "type": "binary-expr",
        "locations": [
          { "start": { "line": 98, "column": 13 }, "end": { "line": 98, "column": null } },
          { "start": { "line": 99, "column": 14 }, "end": { "line": 103, "column": null } }
        ],
        "line": 98
      },
      "10": {
        "loc": { "start": { "line": 112, "column": 17 }, "end": { "line": 115, "column": null } },
        "type": "binary-expr",
        "locations": [
          { "start": { "line": 112, "column": 17 }, "end": { "line": 112, "column": null } },
          { "start": { "line": 113, "column": 18 }, "end": { "line": 115, "column": null } }
        ],
        "line": 112
      },
      "11": {
        "loc": { "start": { "line": 118, "column": 19 }, "end": { "line": 122, "column": null } },
        "type": "binary-expr",
        "locations": [
          { "start": { "line": 118, "column": 19 }, "end": { "line": 118, "column": null } },
          { "start": { "line": 119, "column": 20 }, "end": { "line": 122, "column": null } }
        ],
        "line": 118
      },
      "12": {
        "loc": { "start": { "line": 124, "column": 19 }, "end": { "line": 145, "column": null } },
        "type": "binary-expr",
        "locations": [
          { "start": { "line": 124, "column": 19 }, "end": { "line": 124, "column": null } },
          { "start": { "line": 125, "column": 20 }, "end": { "line": 145, "column": null } }
        ],
        "line": 124
      },
      "13": {
        "loc": { "start": { "line": 140, "column": 31 }, "end": { "line": 140, "column": null } },
        "type": "cond-expr",
        "locations": [
          { "start": { "line": 140, "column": 48 }, "end": { "line": 140, "column": 56 } },
          { "start": { "line": 140, "column": 56 }, "end": { "line": 140, "column": null } }
        ],
        "line": 140
      },
      "14": {
        "loc": { "start": { "line": 147, "column": 19 }, "end": { "line": 165, "column": null } },
        "type": "binary-expr",
        "locations": [
          { "start": { "line": 147, "column": 19 }, "end": { "line": 147, "column": null } },
          { "start": { "line": 148, "column": 20 }, "end": { "line": 165, "column": null } }
        ],
        "line": 147
      },
      "15": {
        "loc": { "start": { "line": 160, "column": 62 }, "end": { "line": 160, "column": null } },
        "type": "cond-expr",
        "locations": [
          { "start": { "line": 160, "column": 79 }, "end": { "line": 160, "column": 87 } },
          { "start": { "line": 160, "column": 87 }, "end": { "line": 160, "column": null } }
        ],
        "line": 160
      },
      "16": {
        "loc": { "start": { "line": 167, "column": 19 }, "end": { "line": 170, "column": null } },
        "type": "binary-expr",
        "locations": [
          { "start": { "line": 167, "column": 19 }, "end": { "line": 167, "column": null } },
          { "start": { "line": 168, "column": 20 }, "end": { "line": 170, "column": null } }
        ],
        "line": 167
      },
      "17": {
        "loc": { "start": { "line": 176, "column": 15 }, "end": { "line": 202, "column": null } },
        "type": "binary-expr",
        "locations": [
          { "start": { "line": 176, "column": 15 }, "end": { "line": 176, "column": null } },
          { "start": { "line": 177, "column": 16 }, "end": { "line": 202, "column": null } }
        ],
        "line": 176
      },
      "18": {
        "loc": { "start": { "line": 181, "column": 36 }, "end": { "line": 181, "column": null } },
        "type": "cond-expr",
        "locations": [
          { "start": { "line": 181, "column": 51 }, "end": { "line": 181, "column": 61 } },
          { "start": { "line": 181, "column": 61 }, "end": { "line": 181, "column": null } }
        ],
        "line": 181
      },
      "19": {
        "loc": { "start": { "line": 206, "column": 15 }, "end": { "line": 240, "column": null } },
        "type": "binary-expr",
        "locations": [
          { "start": { "line": 206, "column": 15 }, "end": { "line": 206, "column": null } },
          { "start": { "line": 207, "column": 16 }, "end": { "line": 240, "column": null } }
        ],
        "line": 206
      },
      "20": {
        "loc": { "start": { "line": 214, "column": 42 }, "end": { "line": 214, "column": 87 } },
        "type": "cond-expr",
        "locations": [
          { "start": { "line": 214, "column": 53 }, "end": { "line": 214, "column": 70 } },
          { "start": { "line": 214, "column": 70 }, "end": { "line": 214, "column": 87 } }
        ],
        "line": 214
      },
      "21": {
        "loc": { "start": { "line": 220, "column": 19 }, "end": { "line": 238, "column": null } },
        "type": "binary-expr",
        "locations": [
          { "start": { "line": 220, "column": 19 }, "end": { "line": 220, "column": null } },
          { "start": { "line": 221, "column": 20 }, "end": { "line": 238, "column": null } }
        ],
        "line": 220
      },
      "22": {
        "loc": { "start": { "line": 244, "column": 15 }, "end": { "line": 270, "column": null } },
        "type": "binary-expr",
        "locations": [
          { "start": { "line": 244, "column": 15 }, "end": { "line": 244, "column": null } },
          { "start": { "line": 245, "column": 16 }, "end": { "line": 270, "column": null } }
        ],
        "line": 244
      },
      "23": {
        "loc": { "start": { "line": 260, "column": 28 }, "end": { "line": 263, "column": null } },
        "type": "cond-expr",
        "locations": [
          { "start": { "line": 261, "column": 30 }, "end": { "line": 261, "column": null } },
          { "start": { "line": 263, "column": 30 }, "end": { "line": 263, "column": null } }
        ],
        "line": 260
      },
      "24": {
        "loc": { "start": { "line": 274, "column": 15 }, "end": { "line": 280, "column": null } },
        "type": "binary-expr",
        "locations": [
          { "start": { "line": 274, "column": 15 }, "end": { "line": 274, "column": null } },
          { "start": { "line": 275, "column": 16 }, "end": { "line": 280, "column": null } }
        ],
        "line": 274
      }
    },
    "s": {
      "0": 45,
      "1": 45,
      "2": 45,
      "3": 0,
      "4": 31,
      "5": 31,
      "6": 31,
      "7": 31,
      "8": 31,
      "9": 24,
      "10": 14,
      "11": 0,
      "12": 14,
      "13": 14,
      "14": 14,
      "15": 14,
      "16": 10,
      "17": 2,
      "18": 10,
      "19": 10,
      "20": 10,
      "21": 31,
      "22": 3,
      "23": 3,
      "24": 0,
      "25": 31,
      "26": 30,
      "27": 16,
      "28": 14,
      "29": 1,
      "30": 1,
      "31": 14,
      "32": 14,
      "33": 14,
      "34": 31,
      "35": 16,
      "36": 15,
      "37": 15,
      "38": 15,
      "39": 15,
      "40": 15,
      "41": 30,
      "42": 15,
      "43": 14,
      "44": 15,
      "45": 31,
      "46": 31,
      "47": 31,
      "48": 2,
      "49": 30,
      "50": 30,
      "51": 30,
      "52": 30,
      "53": 30,
      "54": 1,
      "55": 1,
      "56": 30,
      "57": 88
    },
    "f": {
      "0": 45,
      "1": 31,
      "2": 24,
      "3": 0,
      "4": 14,
      "5": 2,
      "6": 10,
      "7": 3,
      "8": 0,
      "9": 30,
      "10": 1,
      "11": 14,
      "12": 30,
      "13": 14,
      "14": 2,
      "15": 30,
      "16": 30,
      "17": 30,
      "18": 1,
      "19": 1,
      "20": 30,
      "21": 88
    },
    "b": {
      "0": [45, 0],
      "1": [45, 0],
      "2": [14, 10],
      "3": [16, 14],
      "4": [1, 0],
      "5": [16, 15],
      "6": [15, 0],
      "7": [0, 15],
      "8": [0, 15],
      "9": [31, 15],
      "10": [31, 15],
      "11": [31, 15],
      "12": [31, 15],
      "13": [15, 15],
      "14": [31, 15],
      "15": [15, 15],
      "16": [31, 15],
      "17": [31, 15],
      "18": [0, 15],
      "19": [31, 14],
      "20": [1, 13],
      "21": [14, 1],
      "22": [31, 15],
      "23": [59, 29],
      "24": [31, 15]
    },
    "meta": {
      "lastBranch": 25,
      "lastFunction": 22,
      "lastStatement": 58,
      "seen": {
        "f:15:9:15:22": 0,
        "s:16:2:21:Infinity": 0,
        "s:17:19:17:Infinity": 1,
        "b:17:46:17:65:17:65:17:Infinity": 0,
        "s:18:4:18:Infinity": 2,
        "b:18:11:18:21:18:21:18:Infinity": 1,
        "s:20:4:20:Infinity": 3,
        "f:24:24:24:34": 1,
        "s:25:32:25:Infinity": 4,
        "s:26:17:26:Infinity": 5,
        "s:27:32:27:Infinity": 6,
        "s:28:30:28:Infinity": 7,
        "s:30:2:43:Infinity": 8,
        "f:30:12:30:18": 2,
        "b:31:4:42:Infinity:38:11:42:Infinity": 2,
        "s:31:4:42:Infinity": 9,
        "s:32:18:32:Infinity": 10,
        "f:32:40:32:46": 3,
        "s:32:46:32:64": 11,
        "s:33:6:33:Infinity": 12,
        "s:34:6:37:Infinity": 13,
        "f:34:13:34:19": 4,
        "s:35:8:35:Infinity": 14,
        "s:36:8:36:Infinity": 15,
        "s:39:16:39:Infinity": 16,
        "f:39:27:39:33": 5,
        "s:39:33:39:54": 17,
        "s:40:6:40:Infinity": 18,
        "s:41:6:41:Infinity": 19,
        "f:41:13:41:19": 6,
        "s:41:19:41:Infinity": 20,
        "s:45:8:48:Infinity": 21,
        "f:45:34:45:40": 7,
        "s:46:4:46:Infinity": 22,
        "s:47:4:47:Infinity": 23,
        "f:47:15:47:21": 8,
        "s:47:21:47:32": 24,
        "s:50:2:57:Infinity": 25,
        "f:50:12:50:18": 9,
        "b:51:4:51:Infinity:undefined:undefined:undefined:undefined": 3,
        "s:51:4:51:Infinity": 26,
        "s:51:15:51:Infinity": 27,
        "s:52:22:54:Infinity": 28,
        "f:52:22:52:23": 10,
        "b:53:6:53:Infinity:undefined:undefined:undefined:undefined": 4,
        "s:53:6:53:Infinity": 29,
        "s:53:30:53:Infinity": 30,
        "s:55:4:55:Infinity": 31,
        "s:56:4:56:Infinity": 32,
        "f:56:11:56:17": 11,
        "s:56:17:56:Infinity": 33,
        "b:59:2:59:Infinity:undefined:undefined:undefined:undefined": 5,
        "s:59:2:59:Infinity": 34,
        "s:59:13:59:Infinity": 35,
        "s:61:40:61:Infinity": 36,
        "s:62:40:62:Infinity": 37,
        "s:63:29:63:Infinity": 38,
        "s:64:18:64:Infinity": 39,
        "s:66:21:66:Infinity": 40,
        "f:66:41:66:42": 12,
        "s:66:42:66:83": 41,
        "s:67:21:67:Infinity": 42,
        "f:67:41:67:42": 13,
        "s:67:42:67:83": 43,
        "s:68:8:68:Infinity": 44,
        "b:68:48:68:64:68:64:68:68": 6,
        "s:70:8:70:Infinity": 45,
        "s:71:8:71:Infinity": 46,
        "s:73:2:286:Infinity": 47,
        "b:75:83:75:99:75:99:75:130": 7,
        "b:84:215:84:233:84:233:84:268": 8,
        "f:85:19:85:20": 14,
        "s:85:26:85:Infinity": 48,
        "b:98:13:98:Infinity:99:14:103:Infinity": 9,
        "b:112:17:112:Infinity:113:18:115:Infinity": 10,
        "b:118:19:118:Infinity:119:20:122:Infinity": 11,
        "b:124:19:124:Infinity:125:20:145:Infinity": 12,
        "f:133:63:133:64": 15,
        "s:134:45:136:Infinity": 49,
        "s:137:26:141:Infinity": 50,
        "b:140:48:140:56:140:56:140:Infinity": 13,
        "b:147:19:147:Infinity:148:20:165:Infinity": 14,
        "f:154:63:154:64": 16,
        "s:155:48:157:Infinity": 51,
        "s:158:26:161:Infinity": 52,
        "b:160:79:160:87:160:87:160:Infinity": 15,
        "b:167:19:167:Infinity:168:20:170:Infinity": 16,
        "b:176:15:176:Infinity:177:16:202:Infinity": 17,
        "b:181:51:181:61:181:61:181:Infinity": 18,
        "f:185:36:185:37": 17,
        "s:186:22:199:Infinity": 53,
        "b:206:15:206:Infinity:207:16:240:Infinity": 19,
        "f:209:29:209:35": 18,
        "s:209:35:209:Infinity": 54,
        "b:214:53:214:70:214:70:214:87": 20,
        "b:220:19:220:Infinity:221:20:238:Infinity": 21,
        "f:222:38:222:39": 19,
        "s:223:24:236:Infinity": 55,
        "b:244:15:244:Infinity:245:16:270:Infinity": 22,
        "f:250:41:250:42": 20,
        "s:251:22:267:Infinity": 56,
        "f:259:40:259:41": 21,
        "s:260:28:263:Infinity": 57,
        "b:261:30:261:Infinity:263:30:263:Infinity": 23,
        "b:274:15:274:Infinity:275:16:280:Infinity": 24
      }
    }
  },
  "/home/liske/.openclaw/workspace/meal-swiper/components/Navigation.tsx": {
    "path": "/home/liske/.openclaw/workspace/meal-swiper/components/Navigation.tsx",
    "statementMap": {
      "0": { "start": { "line": 10, "column": 23 }, "end": { "line": 15, "column": null } },
      "1": { "start": { "line": 17, "column": 24 }, "end": { "line": 22, "column": null } },
      "2": { "start": { "line": 25, "column": 2 }, "end": { "line": 117, "column": null } },
      "3": { "start": { "line": 30, "column": 27 }, "end": { "line": 30, "column": null } },
      "4": { "start": { "line": 31, "column": 10 }, "end": { "line": 52, "column": null } },
      "5": { "start": { "line": 63, "column": 27 }, "end": { "line": 63, "column": null } },
      "6": { "start": { "line": 64, "column": 10 }, "end": { "line": 87, "column": null } }
    },
    "fnMap": {
      "0": {
        "name": "Navigation",
        "decl": { "start": { "line": 24, "column": 24 }, "end": { "line": 24, "column": 35 } },
        "loc": { "start": { "line": 24, "column": 68 }, "end": { "line": 119, "column": null } },
        "line": 24
      },
      "1": {
        "name": "(anonymous_1)",
        "decl": { "start": { "line": 29, "column": 28 }, "end": { "line": 29, "column": 29 } },
        "loc": { "start": { "line": 29, "column": 59 }, "end": { "line": 54, "column": 9 } },
        "line": 29
      },
      "2": {
        "name": "(anonymous_2)",
        "decl": { "start": { "line": 62, "column": 29 }, "end": { "line": 62, "column": 30 } },
        "loc": { "start": { "line": 62, "column": 60 }, "end": { "line": 89, "column": 9 } },
        "line": 62
      }
    },
    "branchMap": {
      "0": {
        "loc": { "start": { "line": 36, "column": 16 }, "end": { "line": 38, "column": null } },
        "type": "cond-expr",
        "locations": [
          { "start": { "line": 37, "column": 20 }, "end": { "line": 37, "column": null } },
          { "start": { "line": 38, "column": 20 }, "end": { "line": 38, "column": null } }
        ],
        "line": 36
      },
      "1": {
        "loc": { "start": { "line": 43, "column": 23 }, "end": { "line": 43, "column": null } },
        "type": "cond-expr",
        "locations": [
          { "start": { "line": 43, "column": 34 }, "end": { "line": 43, "column": 74 } },
          { "start": { "line": 43, "column": 74 }, "end": { "line": 43, "column": null } }
        ],
        "line": 43
      },
      "2": {
        "loc": { "start": { "line": 48, "column": 70 }, "end": { "line": 48, "column": 108 } },
        "type": "cond-expr",
        "locations": [
          { "start": { "line": 48, "column": 81 }, "end": { "line": 48, "column": 95 } },
          { "start": { "line": 48, "column": 95 }, "end": { "line": 48, "column": 108 } }
        ],
        "line": 48
      },
      "3": {
        "loc": { "start": { "line": 69, "column": 16 }, "end": { "line": 71, "column": null } },
        "type": "cond-expr",
        "locations": [
          { "start": { "line": 70, "column": 20 }, "end": { "line": 70, "column": null } },
          { "start": { "line": 71, "column": 20 }, "end": { "line": 71, "column": null } }
        ],
        "line": 69
      },
      "4": {
        "loc": { "start": { "line": 76, "column": 23 }, "end": { "line": 76, "column": null } },
        "type": "cond-expr",
        "locations": [
          { "start": { "line": 76, "column": 34 }, "end": { "line": 76, "column": 74 } },
          { "start": { "line": 76, "column": 74 }, "end": { "line": 76, "column": null } }
        ],
        "line": 76
      },
      "5": {
        "loc": { "start": { "line": 82, "column": 18 }, "end": { "line": 82, "column": null } },
        "type": "cond-expr",
        "locations": [
          { "start": { "line": 82, "column": 29 }, "end": { "line": 82, "column": 43 } },
          { "start": { "line": 82, "column": 43 }, "end": { "line": 82, "column": null } }
        ],
        "line": 82
      },
      "6": {
        "loc": { "start": { "line": 96, "column": 14 }, "end": { "line": 98, "column": null } },
        "type": "cond-expr",
        "locations": [
          { "start": { "line": 97, "column": 18 }, "end": { "line": 97, "column": null } },
          { "start": { "line": 98, "column": 18 }, "end": { "line": 98, "column": null } }
        ],
        "line": 96
      },
      "7": {
        "loc": { "start": { "line": 103, "column": 21 }, "end": { "line": 103, "column": null } },
        "type": "cond-expr",
        "locations": [
          { "start": { "line": 103, "column": 49 }, "end": { "line": 103, "column": 89 } },
          { "start": { "line": 103, "column": 89 }, "end": { "line": 103, "column": null } }
        ],
        "line": 103
      },
      "8": {
        "loc": { "start": { "line": 109, "column": 16 }, "end": { "line": 109, "column": null } },
        "type": "cond-expr",
        "locations": [
          { "start": { "line": 109, "column": 44 }, "end": { "line": 109, "column": 58 } },
          { "start": { "line": 109, "column": 58 }, "end": { "line": 109, "column": null } }
        ],
        "line": 109
      }
    },
    "s": { "0": 1, "1": 1, "2": 5, "3": 20, "4": 20, "5": 20, "6": 20 },
    "f": { "0": 5, "1": 20, "2": 20 },
    "b": {
      "0": [5, 15],
      "1": [5, 15],
      "2": [5, 15],
      "3": [5, 15],
      "4": [5, 15],
      "5": [5, 15],
      "6": [0, 5],
      "7": [0, 5],
      "8": [0, 5]
    },
    "meta": {
      "lastBranch": 9,
      "lastFunction": 3,
      "lastStatement": 7,
      "seen": {
        "s:10:23:15:Infinity": 0,
        "s:17:24:22:Infinity": 1,
        "f:24:24:24:35": 0,
        "s:25:2:117:Infinity": 2,
        "f:29:28:29:29": 1,
        "s:30:27:30:Infinity": 3,
        "s:31:10:52:Infinity": 4,
        "b:37:20:37:Infinity:38:20:38:Infinity": 0,
        "b:43:34:43:74:43:74:43:Infinity": 1,
        "b:48:81:48:95:48:95:48:108": 2,
        "f:62:29:62:30": 2,
        "s:63:27:63:Infinity": 5,
        "s:64:10:87:Infinity": 6,
        "b:70:20:70:Infinity:71:20:71:Infinity": 3,
        "b:76:34:76:74:76:74:76:Infinity": 4,
        "b:82:29:82:43:82:43:82:Infinity": 5,
        "b:97:18:97:Infinity:98:18:98:Infinity": 6,
        "b:103:49:103:89:103:89:103:Infinity": 7,
        "b:109:44:109:58:109:58:109:Infinity": 8
      }
    }
  },
  "/home/liske/.openclaw/workspace/meal-swiper/components/ShoppingListView.tsx": {
    "path": "/home/liske/.openclaw/workspace/meal-swiper/components/ShoppingListView.tsx",
    "statementMap": {
      "0": { "start": { "line": 16, "column": 22 }, "end": { "line": 16, "column": null } },
      "1": { "start": { "line": 17, "column": 8 }, "end": { "line": 17, "column": null } },
      "2": { "start": { "line": 19, "column": 38 }, "end": { "line": 21, "column": null } },
      "3": { "start": { "line": 20, "column": 4 }, "end": { "line": 20, "column": null } },
      "4": { "start": { "line": 23, "column": 8 }, "end": { "line": 26, "column": null } },
      "5": { "start": { "line": 24, "column": 4 }, "end": { "line": 24, "column": null } },
      "6": { "start": { "line": 28, "column": 30 }, "end": { "line": 34, "column": null } },
      "7": { "start": { "line": 29, "column": 4 }, "end": { "line": 33, "column": null } },
      "8": { "start": { "line": 36, "column": 2 }, "end": { "line": 39, "column": null } },
      "9": { "start": { "line": 38, "column": 4 }, "end": { "line": 38, "column": null } },
      "10": { "start": { "line": 41, "column": 2 }, "end": { "line": 55, "column": null } },
      "11": { "start": { "line": 42, "column": 20 }, "end": { "line": 42, "column": null } },
      "12": { "start": { "line": 43, "column": 4 }, "end": { "line": 51, "column": null } },
      "13": { "start": { "line": 44, "column": 19 }, "end": { "line": 44, "column": 27 } },
      "14": { "start": { "line": 46, "column": 8 }, "end": { "line": 49, "column": null } },
      "15": { "start": { "line": 47, "column": 10 }, "end": { "line": 47, "column": null } },
      "16": { "start": { "line": 48, "column": 10 }, "end": { "line": 48, "column": null } },
      "17": { "start": { "line": 52, "column": 4 }, "end": { "line": 54, "column": null } },
      "18": { "start": { "line": 53, "column": 6 }, "end": { "line": 53, "column": null } },
      "19": { "start": { "line": 57, "column": 21 }, "end": { "line": 62, "column": null } },
      "20": { "start": { "line": 58, "column": 23 }, "end": { "line": 58, "column": null } },
      "21": { "start": { "line": 59, "column": 4 }, "end": { "line": 59, "column": null } },
      "22": { "start": { "line": 60, "column": 4 }, "end": { "line": 60, "column": null } },
      "23": { "start": { "line": 61, "column": 4 }, "end": { "line": 61, "column": null } },
      "24": { "start": { "line": 64, "column": 20 }, "end": { "line": 70, "column": null } },
      "25": { "start": { "line": 65, "column": 4 }, "end": { "line": 69, "column": null } },
      "26": { "start": { "line": 66, "column": 6 }, "end": { "line": 66, "column": null } },
      "27": { "start": { "line": 67, "column": 6 }, "end": { "line": 67, "column": null } },
      "28": { "start": { "line": 68, "column": 6 }, "end": { "line": 68, "column": null } },
      "29": { "start": { "line": 72, "column": 22 }, "end": { "line": 72, "column": null } },
      "30": { "start": { "line": 73, "column": 21 }, "end": { "line": 73, "column": null } },
      "31": { "start": { "line": 74, "column": 23 }, "end": { "line": 74, "column": null } },
      "32": { "start": { "line": 74, "column": 46 }, "end": { "line": 74, "column": 79 } },
      "33": { "start": { "line": 75, "column": 21 }, "end": { "line": 75, "column": null } },
      "34": { "start": { "line": 77, "column": 24 }, "end": { "line": 85, "column": null } },
      "35": { "start": { "line": 78, "column": 48 }, "end": { "line": 78, "column": null } },
      "36": { "start": { "line": 79, "column": 4 }, "end": { "line": 81, "column": null } },
      "37": { "start": { "line": 80, "column": 6 }, "end": { "line": 80, "column": null } },
      "38": { "start": { "line": 82, "column": 4 }, "end": { "line": 82, "column": null } },
      "39": { "start": { "line": 83, "column": 4 }, "end": { "line": 83, "column": null } },
      "40": { "start": { "line": 84, "column": 4 }, "end": { "line": 84, "column": null } },
      "41": { "start": { "line": 87, "column": 20 }, "end": { "line": 94, "column": null } },
      "42": { "start": { "line": 88, "column": 15 }, "end": { "line": 88, "column": null } },
      "43": { "start": { "line": 89, "column": 4 }, "end": { "line": 91, "column": null } },
      "44": { "start": { "line": 90, "column": 6 }, "end": { "line": 90, "column": null } },
      "45": { "start": { "line": 92, "column": 4 }, "end": { "line": 92, "column": null } },
      "46": { "start": { "line": 93, "column": 4 }, "end": { "line": 93, "column": null } },
      "47": { "start": { "line": 96, "column": 2 }, "end": { "line": 202, "column": null } },
      "48": { "start": { "line": 153, "column": 36 }, "end": { "line": 153, "column": null } },
      "49": { "start": { "line": 155, "column": 18 }, "end": { "line": 183, "column": null } },
      "50": { "start": { "line": 166, "column": 42 }, "end": { "line": 166, "column": null } }
    },
    "fnMap": {
      "0": {
        "name": "ShoppingListView",
        "decl": { "start": { "line": 15, "column": 24 }, "end": { "line": 15, "column": 41 } },
        "loc": { "start": { "line": 15, "column": 92 }, "end": { "line": 204, "column": null } },
        "line": 15
      },
      "1": {
        "name": "(anonymous_1)",
        "decl": { "start": { "line": 19, "column": 76 }, "end": { "line": 19, "column": null } },
        "loc": { "start": { "line": 20, "column": 4 }, "end": { "line": 20, "column": null } },
        "line": 20
      },
      "2": {
        "name": "(anonymous_2)",
        "decl": { "start": { "line": 24, "column": 4 }, "end": { "line": 24, "column": 10 } },
        "loc": { "start": { "line": 24, "column": 4 }, "end": { "line": 24, "column": null } },
        "line": 24
      },
      "3": {
        "name": "(anonymous_3)",
        "decl": { "start": { "line": 28, "column": 30 }, "end": { "line": 28, "column": 31 } },
        "loc": { "start": { "line": 28, "column": 71 }, "end": { "line": 34, "column": null } },
        "line": 28
      },
      "4": {
        "name": "(anonymous_4)",
        "decl": { "start": { "line": 33, "column": 13 }, "end": { "line": 33, "column": 19 } },
        "loc": { "start": { "line": 33, "column": 19 }, "end": { "line": 33, "column": 21 } },
        "line": 33
      },
      "5": {
        "name": "(anonymous_5)",
        "decl": { "start": { "line": 36, "column": 12 }, "end": { "line": 36, "column": 18 } },
        "loc": { "start": { "line": 36, "column": 18 }, "end": { "line": 39, "column": 5 } },
        "line": 36
      },
      "6": {
        "name": "(anonymous_6)",
        "decl": { "start": { "line": 41, "column": 12 }, "end": { "line": 41, "column": 18 } },
        "loc": { "start": { "line": 41, "column": 18 }, "end": { "line": 55, "column": 5 } },
        "line": 41
      },
      "7": {
        "name": "(anonymous_7)",
        "decl": { "start": { "line": 44, "column": 12 }, "end": { "line": 44, "column": 13 } },
        "loc": { "start": { "line": 44, "column": 19 }, "end": { "line": 44, "column": 27 } },
        "line": 44
      },
      "8": {
        "name": "(anonymous_8)",
        "decl": { "start": { "line": 45, "column": 12 }, "end": { "line": 45, "column": 13 } },
        "loc": { "start": { "line": 45, "column": 63 }, "end": { "line": 50, "column": 7 } },
        "line": 45
      },
      "9": {
        "name": "(anonymous_9)",
        "decl": { "start": { "line": 51, "column": 13 }, "end": { "line": 51, "column": 19 } },
        "loc": { "start": { "line": 51, "column": 19 }, "end": { "line": 51, "column": 21 } },
        "line": 51
      },
      "10": {
        "name": "(anonymous_10)",
        "decl": { "start": { "line": 52, "column": 11 }, "end": { "line": 52, "column": 17 } },
        "loc": { "start": { "line": 52, "column": 17 }, "end": { "line": 54, "column": null } },
        "line": 52
      },
      "11": {
        "name": "(anonymous_11)",
        "decl": { "start": { "line": 57, "column": 21 }, "end": { "line": 57, "column": 22 } },
        "loc": { "start": { "line": 57, "column": 49 }, "end": { "line": 62, "column": null } },
        "line": 57
      },
      "12": {
        "name": "(anonymous_12)",
        "decl": { "start": { "line": 64, "column": 20 }, "end": { "line": 64, "column": 26 } },
        "loc": { "start": { "line": 64, "column": 26 }, "end": { "line": 70, "column": null } },
        "line": 64
      },
      "13": {
        "name": "(anonymous_13)",
        "decl": { "start": { "line": 74, "column": 36 }, "end": { "line": 74, "column": 37 } },
        "loc": { "start": { "line": 74, "column": 46 }, "end": { "line": 74, "column": 79 } },
        "line": 74
      },
      "14": {
        "name": "(anonymous_14)",
        "decl": { "start": { "line": 77, "column": 24 }, "end": { "line": 77, "column": 30 } },
        "loc": { "start": { "line": 77, "column": 30 }, "end": { "line": 85, "column": null } },
        "line": 77
      },
      "15": {
        "name": "(anonymous_15)",
        "decl": { "start": { "line": 79, "column": 18 }, "end": { "line": 79, "column": 19 } },
        "loc": { "start": { "line": 79, "column": 28 }, "end": { "line": 81, "column": 5 } },
        "line": 79
      },
      "16": {
        "name": "(anonymous_16)",
        "decl": { "start": { "line": 87, "column": 20 }, "end": { "line": 87, "column": 26 } },
        "loc": { "start": { "line": 87, "column": 26 }, "end": { "line": 94, "column": null } },
        "line": 87
      },
      "17": {
        "name": "(anonymous_17)",
        "decl": { "start": { "line": 89, "column": 18 }, "end": { "line": 89, "column": 19 } },
        "loc": { "start": { "line": 89, "column": 28 }, "end": { "line": 91, "column": 5 } },
        "line": 89
      },
      "18": {
        "name": "(anonymous_18)",
        "decl": { "start": { "line": 152, "column": 27 }, "end": { "line": 152, "column": 28 } },
        "loc": { "start": { "line": 152, "column": 37 }, "end": { "line": 185, "column": 17 } },
        "line": 152
      },
      "19": {
        "name": "(anonymous_19)",
        "decl": { "start": { "line": 166, "column": 36 }, "end": { "line": 166, "column": 42 } },
        "loc": { "start": { "line": 166, "column": 42 }, "end": { "line": 166, "column": null } },
        "line": 166
      }
    },
    "branchMap": {
      "0": {
        "loc": { "start": { "line": 20, "column": 4 }, "end": { "line": 20, "column": null } },
        "type": "cond-expr",
        "locations": [
          { "start": { "line": 20, "column": 22 }, "end": { "line": 20, "column": 63 } },
          { "start": { "line": 20, "column": 63 }, "end": { "line": 20, "column": null } }
        ],
        "line": 20
      },
      "1": {
        "loc": { "start": { "line": 46, "column": 8 }, "end": { "line": 49, "column": null } },
        "type": "if",
        "locations": [
          { "start": { "line": 46, "column": 8 }, "end": { "line": 49, "column": null } },
          { "start": {}, "end": {} }
        ],
        "line": 46
      },
      "2": {
        "loc": { "start": { "line": 46, "column": 12 }, "end": { "line": 46, "column": 41 } },
        "type": "binary-expr",
        "locations": [
          { "start": { "line": 46, "column": 12 }, "end": { "line": 46, "column": 26 } },
          { "start": { "line": 46, "column": 26 }, "end": { "line": 46, "column": 41 } }
        ],
        "line": 46
      },
      "3": {
        "loc": { "start": { "line": 65, "column": 4 }, "end": { "line": 69, "column": null } },
        "type": "if",
        "locations": [
          { "start": { "line": 65, "column": 4 }, "end": { "line": 69, "column": null } },
          { "start": {}, "end": {} }
        ],
        "line": 65
      },
      "4": {
        "loc": { "start": { "line": 75, "column": 21 }, "end": { "line": 75, "column": null } },
        "type": "binary-expr",
        "locations": [
          { "start": { "line": 75, "column": 21 }, "end": { "line": 75, "column": 39 } },
          { "start": { "line": 75, "column": 39 }, "end": { "line": 75, "column": null } }
        ],
        "line": 75
      },
      "5": {
        "loc": { "start": { "line": 99, "column": 7 }, "end": { "line": 122, "column": null } },
        "type": "binary-expr",
        "locations": [
          { "start": { "line": 99, "column": 7 }, "end": { "line": 99, "column": null } },
          { "start": { "line": 100, "column": 8 }, "end": { "line": 122, "column": null } }
        ],
        "line": 99
      },
      "6": {
        "loc": { "start": { "line": 105, "column": 13 }, "end": { "line": 105, "column": null } },
        "type": "binary-expr",
        "locations": [
          { "start": { "line": 105, "column": 13 }, "end": { "line": 105, "column": 27 } },
          { "start": { "line": 105, "column": 27 }, "end": { "line": 105, "column": null } }
        ],
        "line": 105
      },
      "7": {
        "loc": { "start": { "line": 127, "column": 9 }, "end": { "line": 199, "column": null } },
        "type": "cond-expr",
        "locations": [
          { "start": { "line": 128, "column": 10 }, "end": { "line": 136, "column": null } },
          { "start": { "line": 138, "column": 10 }, "end": { "line": 199, "column": null } }
        ],
        "line": 127
      },
      "8": {
        "loc": { "start": { "line": 139, "column": 13 }, "end": { "line": 148, "column": null } },
        "type": "binary-expr",
        "locations": [
          { "start": { "line": 139, "column": 13 }, "end": { "line": 139, "column": null } },
          { "start": { "line": 140, "column": 14 }, "end": { "line": 148, "column": null } }
        ],
        "line": 139
      },
      "9": {
        "loc": { "start": { "line": 153, "column": 36 }, "end": { "line": 153, "column": null } },
        "type": "binary-expr",
        "locations": [
          { "start": { "line": 153, "column": 36 }, "end": { "line": 153, "column": 73 } },
          { "start": { "line": 153, "column": 73 }, "end": { "line": 153, "column": null } }
        ],
        "line": 153
      },
      "10": {
        "loc": { "start": { "line": 159, "column": 24 }, "end": { "line": 159, "column": null } },
        "type": "cond-expr",
        "locations": [
          { "start": { "line": 159, "column": 36 }, "end": { "line": 159, "column": 51 } },
          { "start": { "line": 159, "column": 51 }, "end": { "line": 159, "column": null } }
        ],
        "line": 159
      },
      "11": {
        "loc": { "start": { "line": 172, "column": 26 }, "end": { "line": 172, "column": null } },
        "type": "cond-expr",
        "locations": [
          { "start": { "line": 172, "column": 38 }, "end": { "line": 172, "column": 55 } },
          { "start": { "line": 172, "column": 55 }, "end": { "line": 172, "column": null } }
        ],
        "line": 172
      },
      "12": {
        "loc": { "start": { "line": 177, "column": 108 }, "end": { "line": 177, "column": 139 } },
        "type": "cond-expr",
        "locations": [
          { "start": { "line": 177, "column": 120 }, "end": { "line": 177, "column": 137 } },
          { "start": { "line": 177, "column": 137 }, "end": { "line": 177, "column": 139 } }
        ],
        "line": 177
      }
    },
    "s": {
      "0": 21,
      "1": 21,
      "2": 21,
      "3": 9,
      "4": 21,
      "5": 9,
      "6": 21,
      "7": 3,
      "8": 21,
      "9": 9,
      "10": 21,
      "11": 9,
      "12": 9,
      "13": 9,
      "14": 9,
      "15": 0,
      "16": 0,
      "17": 9,
      "18": 9,
      "19": 21,
      "20": 1,
      "21": 1,
      "22": 1,
      "23": 1,
      "24": 21,
      "25": 0,
      "26": 0,
      "27": 0,
      "28": 0,
      "29": 21,
      "30": 21,
      "31": 21,
      "32": 38,
      "33": 21,
      "34": 21,
      "35": 2,
      "36": 2,
      "37": 4,
      "38": 2,
      "39": 2,
      "40": 2,
      "41": 21,
      "42": 1,
      "43": 1,
      "44": 2,
      "45": 1,
      "46": 1,
      "47": 21,
      "48": 38,
      "49": 38,
      "50": 1
    },
    "f": {
      "0": 21,
      "1": 9,
      "2": 9,
      "3": 3,
      "4": 0,
      "5": 9,
      "6": 9,
      "7": 9,
      "8": 9,
      "9": 0,
      "10": 9,
      "11": 1,
      "12": 0,
      "13": 38,
      "14": 2,
      "15": 4,
      "16": 1,
      "17": 2,
      "18": 38,
      "19": 1
    },
    "b": {
      "0": [9, 0],
      "1": [0, 9],
      "2": [9, 9],
      "3": [0, 0],
      "4": [21, 19],
      "5": [21, 19],
      "6": [19, 2],
      "7": [2, 19],
      "8": [19, 2],
      "9": [38, 33],
      "10": [5, 33],
      "11": [5, 33],
      "12": [5, 33]
    },
    "meta": {
      "lastBranch": 13,
      "lastFunction": 20,
      "lastStatement": 51,
      "seen": {
        "f:15:24:15:41": 0,
        "s:16:22:16:Infinity": 0,
        "s:17:8:17:Infinity": 1,
        "s:19:38:21:Infinity": 2,
        "f:19:76:19:Infinity": 1,
        "s:20:4:20:Infinity": 3,
        "b:20:22:20:63:20:63:20:Infinity": 0,
        "s:23:8:26:Infinity": 4,
        "f:24:4:24:10": 2,
        "s:24:4:24:Infinity": 5,
        "s:28:30:34:Infinity": 6,
        "f:28:30:28:31": 3,
        "s:29:4:33:Infinity": 7,
        "f:33:13:33:19": 4,
        "s:36:2:39:Infinity": 8,
        "f:36:12:36:18": 5,
        "s:38:4:38:Infinity": 9,
        "s:41:2:55:Infinity": 10,
        "f:41:12:41:18": 6,
        "s:42:20:42:Infinity": 11,
        "s:43:4:51:Infinity": 12,
        "f:44:12:44:13": 7,
        "s:44:19:44:27": 13,
        "f:45:12:45:13": 8,
        "b:46:8:49:Infinity:undefined:undefined:undefined:undefined": 1,
        "s:46:8:49:Infinity": 14,
        "b:46:12:46:26:46:26:46:41": 2,
        "s:47:10:47:Infinity": 15,
        "s:48:10:48:Infinity": 16,
        "f:51:13:51:19": 9,
        "s:52:4:54:Infinity": 17,
        "f:52:11:52:17": 10,
        "s:53:6:53:Infinity": 18,
        "s:57:21:62:Infinity": 19,
        "f:57:21:57:22": 11,
        "s:58:23:58:Infinity": 20,
        "s:59:4:59:Infinity": 21,
        "s:60:4:60:Infinity": 22,
        "s:61:4:61:Infinity": 23,
        "s:64:20:70:Infinity": 24,
        "f:64:20:64:26": 12,
        "b:65:4:69:Infinity:undefined:undefined:undefined:undefined": 3,
        "s:65:4:69:Infinity": 25,
        "s:66:6:66:Infinity": 26,
        "s:67:6:67:Infinity": 27,
        "s:68:6:68:Infinity": 28,
        "s:72:22:72:Infinity": 29,
        "s:73:21:73:Infinity": 30,
        "s:74:23:74:Infinity": 31,
        "f:74:36:74:37": 13,
        "s:74:46:74:79": 32,
        "s:75:21:75:Infinity": 33,
        "b:75:21:75:39:75:39:75:Infinity": 4,
        "s:77:24:85:Infinity": 34,
        "f:77:24:77:30": 14,
        "s:78:48:78:Infinity": 35,
        "s:79:4:81:Infinity": 36,
        "f:79:18:79:19": 15,
        "s:80:6:80:Infinity": 37,
        "s:82:4:82:Infinity": 38,
        "s:83:4:83:Infinity": 39,
        "s:84:4:84:Infinity": 40,
        "s:87:20:94:Infinity": 41,
        "f:87:20:87:26": 16,
        "s:88:15:88:Infinity": 42,
        "s:89:4:91:Infinity": 43,
        "f:89:18:89:19": 17,
        "s:90:6:90:Infinity": 44,
        "s:92:4:92:Infinity": 45,
        "s:93:4:93:Infinity": 46,
        "s:96:2:202:Infinity": 47,
        "b:99:7:99:Infinity:100:8:122:Infinity": 5,
        "b:105:13:105:27:105:27:105:Infinity": 6,
        "b:128:10:136:Infinity:138:10:199:Infinity": 7,
        "b:139:13:139:Infinity:140:14:148:Infinity": 8,
        "f:152:27:152:28": 18,
        "s:153:36:153:Infinity": 48,
        "b:153:36:153:73:153:73:153:Infinity": 9,
        "s:155:18:183:Infinity": 49,
        "b:159:36:159:51:159:51:159:Infinity": 10,
        "f:166:36:166:42": 19,
        "s:166:42:166:Infinity": 50,
        "b:172:38:172:55:172:55:172:Infinity": 11,
        "b:177:120:177:137:177:137:177:139": 12
      }
    }
  },
  "/home/liske/.openclaw/workspace/meal-swiper/components/SwipeView.tsx": {
    "path": "/home/liske/.openclaw/workspace/meal-swiper/components/SwipeView.tsx",
    "statementMap": {
      "0": { "start": { "line": 35, "column": 24 }, "end": { "line": 35, "column": null } },
      "1": { "start": { "line": 55, "column": 19 }, "end": { "line": 55, "column": null } },
      "2": { "start": { "line": 57, "column": 18 }, "end": { "line": 57, "column": null } },
      "3": { "start": { "line": 58, "column": 8 }, "end": { "line": 61, "column": null } },
      "4": { "start": { "line": 59, "column": 11 }, "end": { "line": 59, "column": null } },
      "5": { "start": { "line": 63, "column": 22 }, "end": { "line": 63, "column": null } },
      "6": { "start": { "line": 64, "column": 23 }, "end": { "line": 64, "column": null } },
      "7": { "start": { "line": 66, "column": 42 }, "end": { "line": 66, "column": null } },
      "8": { "start": { "line": 67, "column": 36 }, "end": { "line": 67, "column": null } },
      "9": { "start": { "line": 68, "column": 38 }, "end": { "line": 68, "column": null } },
      "10": { "start": { "line": 69, "column": 22 }, "end": { "line": 78, "column": null } },
      "11": { "start": { "line": 70, "column": 4 }, "end": { "line": 77, "column": null } },
      "12": { "start": { "line": 70, "column": 34 }, "end": { "line": 77, "column": 6 } },
      "13": { "start": { "line": 79, "column": 32 }, "end": { "line": 79, "column": null } },
      "14": { "start": { "line": 80, "column": 32 }, "end": { "line": 80, "column": null } },
      "15": { "start": { "line": 81, "column": 36 }, "end": { "line": 81, "column": null } },
      "16": { "start": { "line": 82, "column": 32 }, "end": { "line": 82, "column": null } },
      "17": { "start": { "line": 84, "column": 8 }, "end": { "line": 84, "column": null } },
      "18": { "start": { "line": 85, "column": 8 }, "end": { "line": 85, "column": null } },
      "19": { "start": { "line": 86, "column": 8 }, "end": { "line": 86, "column": null } },
      "20": { "start": { "line": 87, "column": 8 }, "end": { "line": 87, "column": null } },
      "21": { "start": { "line": 89, "column": 8 }, "end": { "line": 89, "column": null } },
      "22": { "start": { "line": 89, "column": 36 }, "end": { "line": 89, "column": 68 } },
      "23": { "start": { "line": 90, "column": 20 }, "end": { "line": 90, "column": null } },
      "24": { "start": { "line": 91, "column": 22 }, "end": { "line": 91, "column": null } },
      "25": { "start": { "line": 93, "column": 8 }, "end": { "line": 96, "column": null } },
      "26": { "start": { "line": 94, "column": 10 }, "end": { "line": 94, "column": null } },
      "27": { "start": { "line": 94, "column": 30 }, "end": { "line": 94, "column": 47 } },
      "28": { "start": { "line": 98, "column": 8 }, "end": { "line": 105, "column": null } },
      "29": { "start": { "line": 99, "column": 21 }, "end": { "line": 99, "column": null } },
      "30": { "start": { "line": 100, "column": 4 }, "end": { "line": 103, "column": null } },
      "31": { "start": { "line": 100, "column": 17 }, "end": { "line": 100, "column": 38 } },
      "32": { "start": { "line": 101, "column": 16 }, "end": { "line": 101, "column": null } },
      "33": { "start": { "line": 102, "column": 7 }, "end": { "line": 102, "column": null } },
      "34": { "start": { "line": 104, "column": 4 }, "end": { "line": 104, "column": null } },
      "35": { "start": { "line": 107, "column": 8 }, "end": { "line": 150, "column": null } },
      "36": { "start": { "line": 108, "column": 4 }, "end": { "line": 135, "column": null } },
      "37": { "start": { "line": 109, "column": 6 }, "end": { "line": 131, "column": null } },
      "38": { "start": { "line": 110, "column": 8 }, "end": { "line": 110, "column": null } },
      "39": { "start": { "line": 111, "column": 8 }, "end": { "line": 111, "column": null } },
      "40": { "start": { "line": 112, "column": 8 }, "end": { "line": 112, "column": null } },
      "41": { "start": { "line": 112, "column": 25 }, "end": { "line": 112, "column": 41 } },
      "42": { "start": { "line": 114, "column": 24 }, "end": { "line": 114, "column": null } },
      "43": { "start": { "line": 115, "column": 30 }, "end": { "line": 115, "column": null } },
      "44": { "start": { "line": 116, "column": 28 }, "end": { "line": 116, "column": null } },
      "45": { "start": { "line": 117, "column": 8 }, "end": { "line": 117, "column": null } },
      "46": { "start": { "line": 118, "column": 22 }, "end": { "line": 120, "column": null } },
      "47": { "start": { "line": 119, "column": 17 }, "end": { "line": 119, "column": null } },
      "48": { "start": { "line": 121, "column": 20 }, "end": { "line": 121, "column": null } },
      "49": { "start": { "line": 121, "column": 40 }, "end": { "line": 121, "column": 97 } },
      "50": { "start": { "line": 122, "column": 8 }, "end": { "line": 122, "column": null } },
      "51": { "start": { "line": 123, "column": 8 }, "end": { "line": 127, "column": null } },
      "52": { "start": { "line": 128, "column": 8 }, "end": { "line": 128, "column": null } },
      "53": { "start": { "line": 129, "column": 8 }, "end": { "line": 129, "column": null } },
      "54": { "start": { "line": 130, "column": 8 }, "end": { "line": 130, "column": null } },
      "55": { "start": { "line": 130, "column": 25 }, "end": { "line": 130, "column": 51 } },
      "56": { "start": { "line": 133, "column": 6 }, "end": { "line": 133, "column": null } },
      "57": { "start": { "line": 134, "column": 6 }, "end": { "line": 134, "column": null } },
      "58": { "start": { "line": 136, "column": 4 }, "end": { "line": 136, "column": null } },
      "59": { "start": { "line": 152, "column": 8 }, "end": { "line": 158, "column": null } },
      "60": { "start": { "line": 154, "column": 22 }, "end": { "line": 154, "column": null } },
      "61": { "start": { "line": 155, "column": 6 }, "end": { "line": 155, "column": null } },
      "62": { "start": { "line": 160, "column": 8 }, "end": { "line": 172, "column": null } },
      "63": { "start": { "line": 161, "column": 4 }, "end": { "line": 161, "column": null } },
      "64": { "start": { "line": 161, "column": 37 }, "end": { "line": 161, "column": null } },
      "65": { "start": { "line": 162, "column": 4 }, "end": { "line": 162, "column": null } },
      "66": { "start": { "line": 163, "column": 4 }, "end": { "line": 163, "column": null } },
      "67": { "start": { "line": 164, "column": 16 }, "end": { "line": 164, "column": null } },
      "68": { "start": { "line": 165, "column": 4 }, "end": { "line": 165, "column": null } },
      "69": { "start": { "line": 166, "column": 4 }, "end": { "line": 166, "column": null } },
      "70": { "start": { "line": 167, "column": 4 }, "end": { "line": 167, "column": null } },
      "71": { "start": { "line": 167, "column": 21 }, "end": { "line": 167, "column": 42 } },
      "72": { "start": { "line": 168, "column": 4 }, "end": { "line": 171, "column": null } },
[...]
        "s:297:2:297:Infinity": 55,
        "s:297:10:297:Infinity": 56,
        "s:298:2:298:Infinity": 57,
        "f:301:16:301:37": 6,
        "b:301:75:301:98": 31,
        "s:302:24:302:Infinity": 58,
        "s:304:25:319:Infinity": 59,
        "f:304:25:304:26": 7,
        "s:305:4:318:Infinity": 60,
        "b:306:6:306:Infinity:undefined:undefined:undefined:undefined": 32,
        "s:306:6:306:Infinity": 61,
        "s:306:39:306:Infinity": 62,
        "s:307:12:307:Infinity": 63,
        "s:308:25:308:Infinity": 64,
        "s:309:23:309:Infinity": 65,
        "b:310:6:317:Infinity:312:13:317:Infinity": 33,
        "s:310:6:317:Infinity": 66,
        "s:311:8:311:Infinity": 67,
        "s:313:8:316:Infinity": 68,
        "s:321:2:348:Infinity": 69,
        "b:322:4:322:Infinity:undefined:undefined:undefined:undefined": 34,
        "s:322:4:322:Infinity": 70,
        "b:322:8:322:18:322:18:322:47:322:47:322:77": 35,
        "s:322:77:322:Infinity": 71,
        "s:323:17:323:Infinity": 72,
        "s:326:4:334:Infinity": 73,
        "s:328:8:330:Infinity": 74,
        "b:329:12:329:Infinity:330:12:330:Infinity": 36,
        "b:331:6:331:Infinity:undefined:undefined:undefined:undefined": 37,
        "s:331:6:331:Infinity": 75,
        "s:331:31:331:Infinity": 76,
        "b:337:4:347:Infinity:undefined:undefined:undefined:undefined": 38,
        "s:337:4:347:Infinity": 77,
        "s:338:6:346:Infinity": 78,
        "s:340:10:342:Infinity": 79,
        "b:341:14:341:Infinity:342:14:342:Infinity": 39,
        "b:343:8:343:Infinity:undefined:undefined:undefined:undefined": 40,
        "s:343:8:343:Infinity": 80,
        "s:343:33:343:Infinity": 81,
        "s:351:2:353:Infinity": 82,
        "f:352:9:352:10": 8,
        "s:352:50:352:83": 83,
        "f:353:10:353:11": 9,
        "s:353:20:353:74": 84
      }
    }
  },
  "/home/liske/.openclaw/workspace/meal-swiper/lib/storage.ts": {
    "path": "/home/liske/.openclaw/workspace/meal-swiper/lib/storage.ts",
    "statementMap": {
      "0": { "start": { "line": 3, "column": 33 }, "end": { "line": 14, "column": null } },
      "1": { "start": { "line": 17, "column": 2 }, "end": { "line": 17, "column": null } },
      "2": { "start": { "line": 17, "column": 37 }, "end": { "line": 17, "column": null } },
      "3": { "start": { "line": 18, "column": 16 }, "end": { "line": 18, "column": null } },
      "4": { "start": { "line": 19, "column": 2 }, "end": { "line": 21, "column": null } },
      "5": { "start": { "line": 20, "column": 4 }, "end": { "line": 20, "column": null } },
      "6": { "start": { "line": 22, "column": 2 }, "end": { "line": 22, "column": null } },
      "7": { "start": { "line": 26, "column": 2 }, "end": { "line": 26, "column": null } },
      "8": { "start": { "line": 30, "column": 16 }, "end": { "line": 30, "column": null } },
      "9": { "start": { "line": 31, "column": 2 }, "end": { "line": 33, "column": null } },
      "10": { "start": { "line": 32, "column": 4 }, "end": { "line": 32, "column": null } },
      "11": { "start": { "line": 34, "column": 2 }, "end": { "line": 34, "column": null } },
      "12": { "start": { "line": 38, "column": 2 }, "end": { "line": 38, "column": null } },
      "13": { "start": { "line": 42, "column": 2 }, "end": { "line": 42, "column": null } },
      "14": { "start": { "line": 46, "column": 2 }, "end": { "line": 46, "column": null } }
    },
    "fnMap": {
      "0": {
        "name": "getWeeklyPlan",
        "decl": { "start": { "line": 16, "column": 16 }, "end": { "line": 16, "column": 30 } },
        "loc": { "start": { "line": 16, "column": 59 }, "end": { "line": 23, "column": null } },
        "line": 16
      },
      "1": {
        "name": "saveWeeklyPlan",
        "decl": { "start": { "line": 25, "column": 16 }, "end": { "line": 25, "column": 31 } },
        "loc": { "start": { "line": 25, "column": 72 }, "end": { "line": 27, "column": null } },
        "line": 25
      },
      "2": {
        "name": "getCheckedItems",
        "decl": { "start": { "line": 29, "column": 16 }, "end": { "line": 29, "column": 32 } },
        "loc": { "start": { "line": 29, "column": 74 }, "end": { "line": 35, "column": null } },
        "line": 29
      },
      "3": {
        "name": "saveCheckedItems",
        "decl": { "start": { "line": 37, "column": 16 }, "end": { "line": 37, "column": 33 } },
        "loc": { "start": { "line": 37, "column": 88 }, "end": { "line": 39, "column": null } },
        "line": 37
      },
      "4": {
        "name": "removeCheckedItems",
        "decl": { "start": { "line": 41, "column": 16 }, "end": { "line": 41, "column": 35 } },
        "loc": { "start": { "line": 41, "column": 58 }, "end": { "line": 43, "column": null } },
        "line": 41
      },
      "5": {
        "name": "createDefaultPlan",
        "decl": { "start": { "line": 45, "column": 16 }, "end": { "line": 45, "column": 48 } },
        "loc": { "start": { "line": 45, "column": 48 }, "end": { "line": 47, "column": null } },
        "line": 45
      }
    },
    "branchMap": {
      "0": {
        "loc": { "start": { "line": 17, "column": 2 }, "end": { "line": 17, "column": null } },
        "type": "if",
        "locations": [
          { "start": { "line": 17, "column": 2 }, "end": { "line": 17, "column": null } },
          { "start": {}, "end": {} }
        ],
        "line": 17
      },
      "1": {
        "loc": { "start": { "line": 19, "column": 2 }, "end": { "line": 21, "column": null } },
        "type": "if",
        "locations": [
          { "start": { "line": 19, "column": 2 }, "end": { "line": 21, "column": null } },
          { "start": {}, "end": {} }
        ],
        "line": 19
      },
      "2": {
        "loc": { "start": { "line": 31, "column": 2 }, "end": { "line": 33, "column": null } },
        "type": "if",
        "locations": [
          { "start": { "line": 31, "column": 2 }, "end": { "line": 33, "column": null } },
          { "start": {}, "end": {} }
        ],
        "line": 31
      }
    },
    "s": {
      "0": 2,
      "1": 25,
      "2": 0,
      "3": 25,
      "4": 25,
      "5": 1,
      "6": 24,
      "7": 12,
      "8": 3,
      "9": 3,
      "10": 1,
      "11": 2,
      "12": 2,
      "13": 1,
      "14": 1
    },
    "f": { "0": 25, "1": 12, "2": 3, "3": 2, "4": 1, "5": 1 },
    "b": { "0": [0, 25], "1": [1, 24], "2": [1, 2] },
    "meta": {
      "lastBranch": 3,
      "lastFunction": 6,
      "lastStatement": 15,
      "seen": {
        "s:3:33:14:Infinity": 0,
        "f:16:16:16:30": 0,
        "b:17:2:17:Infinity:undefined:undefined:undefined:undefined": 0,
        "s:17:2:17:Infinity": 1,
        "s:17:37:17:Infinity": 2,
        "s:18:16:18:Infinity": 3,
        "b:19:2:21:Infinity:undefined:undefined:undefined:undefined": 1,
        "s:19:2:21:Infinity": 4,
        "s:20:4:20:Infinity": 5,
        "s:22:2:22:Infinity": 6,
        "f:25:16:25:31": 1,
        "s:26:2:26:Infinity": 7,
        "f:29:16:29:32": 2,
        "s:30:16:30:Infinity": 8,
        "b:31:2:33:Infinity:undefined:undefined:undefined:undefined": 2,
        "s:31:2:33:Infinity": 9,
        "s:32:4:32:Infinity": 10,
        "s:34:2:34:Infinity": 11,
        "f:37:16:37:33": 3,
        "s:38:2:38:Infinity": 12,
        "f:41:16:41:35": 4,
        "s:42:2:42:Infinity": 13,
        "f:45:16:45:48": 5,
        "s:46:2:46:Infinity": 14
      }
    }
  },
  "/home/liske/.openclaw/workspace/meal-swiper/lib/utils.ts": {
    "path": "/home/liske/.openclaw/workspace/meal-swiper/lib/utils.ts",
    "statementMap": {
      "0": { "start": { "line": 1, "column": 20 }, "end": { "line": 14, "column": null } },
      "1": { "start": { "line": 17, "column": 16 }, "end": { "line": 17, "column": null } },
      "2": { "start": { "line": 18, "column": 17 }, "end": { "line": 18, "column": null } },
      "3": { "start": { "line": 19, "column": 20 }, "end": { "line": 19, "column": null } },
      "4": { "start": { "line": 20, "column": 15 }, "end": { "line": 20, "column": null } },
      "5": { "start": { "line": 21, "column": 2 }, "end": { "line": 21, "column": null } },
      "6": { "start": { "line": 22, "column": 2 }, "end": { "line": 22, "column": null } },
      "7": { "start": { "line": 26, "column": 17 }, "end": { "line": 26, "column": null } },
      "8": { "start": { "line": 28, "column": 12 }, "end": { "line": 28, "column": null } },
      "9": { "start": { "line": 29, "column": 12 }, "end": { "line": 29, "column": null } },
      "10": { "start": { "line": 30, "column": 12 }, "end": { "line": 30, "column": null } },
      "11": { "start": { "line": 31, "column": 2 }, "end": { "line": 31, "column": null } },
      "12": { "start": { "line": 35, "column": 17 }, "end": { "line": 35, "column": null } },
      "13": { "start": { "line": 36, "column": 23 }, "end": { "line": 36, "column": null } },
      "14": { "start": { "line": 37, "column": 2 }, "end": { "line": 41, "column": null } },
      "15": { "start": { "line": 37, "column": 15 }, "end": { "line": 37, "column": 18 } },
      "16": { "start": { "line": 38, "column": 17 }, "end": { "line": 38, "column": null } },
      "17": { "start": { "line": 39, "column": 4 }, "end": { "line": 39, "column": null } },
      "18": { "start": { "line": 40, "column": 4 }, "end": { "line": 40, "column": null } },
      "19": { "start": { "line": 42, "column": 2 }, "end": { "line": 42, "column": null } },
      "20": { "start": { "line": 46, "column": 16 }, "end": { "line": 46, "column": null } },
      "21": { "start": { "line": 47, "column": 14 }, "end": { "line": 47, "column": null } },
      "22": { "start": { "line": 49, "column": 2 }, "end": { "line": 51, "column": null } },
      "23": { "start": { "line": 50, "column": 4 }, "end": { "line": 50, "column": null } },
      "24": { "start": { "line": 52, "column": 2 }, "end": { "line": 52, "column": null } },
      "25": { "start": { "line": 56, "column": 16 }, "end": { "line": 56, "column": null } },
      "26": { "start": { "line": 57, "column": 14 }, "end": { "line": 57, "column": null } },
      "27": { "start": { "line": 58, "column": 14 }, "end": { "line": 58, "column": null } },
      "28": { "start": { "line": 58, "column": 29 }, "end": { "line": 58, "column": null } },
      "29": { "start": { "line": 60, "column": 2 }, "end": { "line": 62, "column": null } },
      "30": { "start": { "line": 61, "column": 4 }, "end": { "line": 61, "column": null } },
      "31": { "start": { "line": 63, "column": 2 }, "end": { "line": 63, "column": null } },
      "32": { "start": { "line": 67, "column": 2 }, "end": { "line": 67, "column": null } },
      "33": { "start": { "line": 70, "column": 24 }, "end": { "line": 70, "column": null } },
      "34": { "start": { "line": 71, "column": 25 }, "end": { "line": 71, "column": null } },
      "35": { "start": { "line": 72, "column": 53 }, "end": { "line": 78, "column": null } }
    },
    "fnMap": {
      "0": {
        "name": "getMonday",
        "decl": { "start": { "line": 16, "column": 16 }, "end": { "line": 16, "column": 26 } },
        "loc": { "start": { "line": 16, "column": 52 }, "end": { "line": 23, "column": null } },
        "line": 16
      },
      "1": {
        "name": "getWeekKey",
        "decl": { "start": { "line": 25, "column": 16 }, "end": { "line": 25, "column": 27 } },
        "loc": { "start": { "line": 25, "column": 55 }, "end": { "line": 32, "column": null } },
        "line": 25
      },
      "2": {
        "name": "getWeekDates",
        "decl": { "start": { "line": 34, "column": 16 }, "end": { "line": 34, "column": 29 } },
        "loc": { "start": { "line": 34, "column": 57 }, "end": { "line": 43, "column": null } },
        "line": 34
      },
      "3": {
        "name": "formatWeekRange",
        "decl": { "start": { "line": 45, "column": 16 }, "end": { "line": 45, "column": 32 } },
        "loc": { "start": { "line": 45, "column": 59 }, "end": { "line": 53, "column": null } },
        "line": 45
      },
      "4": {
        "name": "formatWeekRangeShort",
        "decl": { "start": { "line": 55, "column": 16 }, "end": { "line": 55, "column": 37 } },
        "loc": { "start": { "line": 55, "column": 64 }, "end": { "line": 64, "column": null } },
        "line": 55
      },
      "5": {
        "name": "(anonymous_5)",
        "decl": { "start": { "line": 58, "column": 14 }, "end": { "line": 58, "column": 15 } },
        "loc": { "start": { "line": 58, "column": 29 }, "end": { "line": 58, "column": null } },
        "line": 58
      },
      "6": {
        "name": "formatDateShort",
        "decl": { "start": { "line": 66, "column": 16 }, "end": { "line": 66, "column": 32 } },
        "loc": { "start": { "line": 66, "column": 52 }, "end": { "line": 68, "column": null } },
        "line": 66
      }
    },
    "branchMap": {
      "0": {
        "loc": { "start": { "line": 20, "column": 15 }, "end": { "line": 20, "column": null } },
        "type": "cond-expr",
        "locations": [
          { "start": { "line": 20, "column": 33 }, "end": { "line": 20, "column": 38 } },
          { "start": { "line": 20, "column": 38 }, "end": { "line": 20, "column": null } }
        ],
        "line": 20
      },
      "1": {
        "loc": { "start": { "line": 49, "column": 2 }, "end": { "line": 51, "column": null } },
        "type": "if",
        "locations": [
          { "start": { "line": 49, "column": 2 }, "end": { "line": 51, "column": null } },
          { "start": {}, "end": {} }
        ],
        "line": 49
      },
      "2": {
        "loc": { "start": { "line": 60, "column": 2 }, "end": { "line": 62, "column": null } },
        "type": "if",
        "locations": [
          { "start": { "line": 60, "column": 2 }, "end": { "line": 62, "column": null } },
          { "start": {}, "end": {} }
        ],
        "line": 60
      }
    },
    "s": {
      "0": 13,
      "1": 87,
      "2": 87,
      "3": 87,
      "4": 87,
      "5": 87,
      "6": 87,
      "7": 35,
      "8": 35,
      "9": 35,
      "10": 35,
      "11": 35,
      "12": 49,
      "13": 49,
      "14": 49,
      "15": 49,
      "16": 245,
      "17": 245,
      "18": 245,
      "19": 49,
      "20": 10,
      "21": 10,
      "22": 10,
      "23": 9,
      "24": 1,
      "25": 14,
      "26": 14,
      "27": 14,
      "28": 15,
      "29": 14,
      "30": 13,
      "31": 1,
      "32": 323,
      "33": 13,
      "34": 13,
      "35": 13
    },
    "f": { "0": 87, "1": 35, "2": 49, "3": 10, "4": 14, "5": 15, "6": 323 },
    "b": { "0": [0, 87], "1": [9, 1], "2": [13, 1] },
    "meta": {
      "lastBranch": 3,
      "lastFunction": 7,
      "lastStatement": 36,
      "seen": {
        "s:1:20:14:Infinity": 0,
        "f:16:16:16:26": 0,
        "s:17:16:17:Infinity": 1,
        "s:18:17:18:Infinity": 2,
        "s:19:20:19:Infinity": 3,
        "s:20:15:20:Infinity": 4,
        "b:20:33:20:38:20:38:20:Infinity": 0,
        "s:21:2:21:Infinity": 5,
        "s:22:2:22:Infinity": 6,
        "f:25:16:25:27": 1,
        "s:26:17:26:Infinity": 7,
        "s:28:12:28:Infinity": 8,
        "s:29:12:29:Infinity": 9,
        "s:30:12:30:Infinity": 10,
        "s:31:2:31:Infinity": 11,
        "f:34:16:34:29": 2,
        "s:35:17:35:Infinity": 12,
        "s:36:23:36:Infinity": 13,
        "s:37:2:41:Infinity": 14,
        "s:37:15:37:18": 15,
        "s:38:17:38:Infinity": 16,
        "s:39:4:39:Infinity": 17,
        "s:40:4:40:Infinity": 18,
        "s:42:2:42:Infinity": 19,
        "f:45:16:45:32": 3,
        "s:46:16:46:Infinity": 20,
        "s:47:14:47:Infinity": 21,
        "b:49:2:51:Infinity:undefined:undefined:undefined:undefined": 1,
        "s:49:2:51:Infinity": 22,
        "s:50:4:50:Infinity": 23,
        "s:52:2:52:Infinity": 24,
        "f:55:16:55:37": 4,
        "s:56:16:56:Infinity": 25,
        "s:57:14:57:Infinity": 26,
        "s:58:14:58:Infinity": 27,
        "f:58:14:58:15": 5,
        "s:58:29:58:Infinity": 28,
        "b:60:2:62:Infinity:undefined:undefined:undefined:undefined": 2,
        "s:60:2:62:Infinity": 29,
        "s:61:4:61:Infinity": 30,
        "s:63:2:63:Infinity": 31,
        "f:66:16:66:32": 6,
        "s:67:2:67:Infinity": 32,
        "s:70:24:70:Infinity": 33,
        "s:71:25:71:Infinity": 34,
        "s:72:53:78:Infinity": 35
      }
    }
  },
  "/home/liske/.openclaw/workspace/meal-swiper/scripts/lib/dedup.js": {
    "path": "/home/liske/.openclaw/workspace/meal-swiper/scripts/lib/dedup.js",
    "statementMap": {
      "0": { "start": { "line": 4, "column": 2 }, "end": { "line": 8, "column": null } },
      "1": { "start": { "line": 12, "column": 22 }, "end": { "line": 12, "column": 59 } },
      "2": { "start": { "line": 13, "column": 19 }, "end": { "line": 13, "column": 21 } },
      "3": { "start": { "line": 14, "column": 19 }, "end": { "line": 14, "column": 21 } },
      "4": { "start": { "line": 16, "column": 2 }, "end": { "line": 24, "column": null } },
      "5": { "start": { "line": 17, "column": 23 }, "end": { "line": 17, "column": 44 } },
      "6": { "start": { "line": 18, "column": 4 }, "end": { "line": 23, "column": null } },
      "7": { "start": { "line": 19, "column": 6 }, "end": { "line": 19, "column": null } },
      "8": { "start": { "line": 21, "column": 6 }, "end": { "line": 21, "column": null } },
      "9": { "start": { "line": 22, "column": 6 }, "end": { "line": 22, "column": 34 } },
      "10": { "start": { "line": 26, "column": 2 }, "end": { "line": 28, "column": null } },
      "11": { "start": { "line": 27, "column": 4 }, "end": { "line": 27, "column": null } },
      "12": { "start": { "line": 30, "column": 2 }, "end": { "line": 30, "column": null } }
    },
    "fnMap": {
      "0": {
        "name": "normalize",
        "decl": { "start": { "line": 3, "column": 9 }, "end": { "line": 3, "column": 18 } },
        "loc": { "start": { "line": 3, "column": 25 }, "end": { "line": 9, "column": null } },
        "line": 3
      },
      "1": {
        "name": "deduplicateMeals",
        "decl": { "start": { "line": 11, "column": 16 }, "end": { "line": 11, "column": 32 } },
        "loc": { "start": { "line": 11, "column": 58 }, "end": { "line": 31, "column": null } },
        "line": 11
      }
    },
    "branchMap": {
      "0": {
        "loc": { "start": { "line": 18, "column": 4 }, "end": { "line": 23, "column": null } },
        "type": "if",
        "locations": [
          { "start": { "line": 18, "column": 4 }, "end": { "line": 23, "column": null } },
          { "start": { "line": 20, "column": 11 }, "end": { "line": 23, "column": null } }
        ],
        "line": 18
      },
      "1": {
        "loc": { "start": { "line": 26, "column": 2 }, "end": { "line": 28, "column": null } },
        "type": "if",
        "locations": [
          { "start": { "line": 26, "column": 2 }, "end": { "line": 28, "column": null } },
          { "start": {}, "end": {} }
        ],
        "line": 26
      }
    },
    "s": {
      "0": 13,
      "1": 5,
      "2": 5,
      "3": 5,
      "4": 5,
      "5": 10,
      "6": 10,
      "7": 4,
      "8": 6,
      "9": 6,
      "10": 5,
      "11": 4,
      "12": 5
    },
    "f": { "0": 13, "1": 5 },
    "b": { "0": [4, 6], "1": [4, 1] },
    "meta": {
      "lastBranch": 2,
      "lastFunction": 2,
      "lastStatement": 13,
      "seen": {
        "f:3:9:3:18": 0,
        "s:4:2:8:Infinity": 0,
        "f:11:16:11:32": 1,
        "s:12:22:12:59": 1,
        "s:13:19:13:21": 2,
        "s:14:19:14:21": 3,
        "s:16:2:24:Infinity": 4,
        "s:17:23:17:44": 5,
        "b:18:4:23:Infinity:20:11:23:Infinity": 0,
        "s:18:4:23:Infinity": 6,
        "s:19:6:19:Infinity": 7,
        "s:21:6:21:Infinity": 8,
        "s:22:6:22:34": 9,
        "b:26:2:28:Infinity:undefined:undefined:undefined:undefined": 1,
        "s:26:2:28:Infinity": 10,
        "s:27:4:27:Infinity": 11,
        "s:30:2:30:Infinity": 12
      }
    }
  }
}
